<?xml version="1.0" encoding="UTF-8"?>
<coverage generated="1762212614016" clover="3.2.0">
  <project timestamp="1762212614016" name="All files">
    <metrics statements="50" coveredstatements="49" conditionals="11" coveredconditionals="10" methods="12" coveredmethods="10" elements="73" coveredelements="69" complexity="0" loc="50" ncloc="50" packages="2" files="2" classes="2"/>
    <package name="components">
      <metrics statements="12" coveredstatements="12" conditionals="1" coveredconditionals="1" methods="2" coveredmethods="2"/>
      <file name="google-sign-in-button.tsx" path="C:\Users\Sande\CSC 510\CSC510-002-4\proj2\frontend\components\google-sign-in-button.tsx">
        <metrics statements="12" coveredstatements="12" conditionals="1" coveredconditionals="1" methods="2" coveredmethods="2"/>
        <line num="3" count="1" type="stmt"/>
        <line num="4" count="1" type="stmt"/>
        <line num="5" count="1" type="stmt"/>
        <line num="7" count="19" type="stmt"/>
        <line num="8" count="57" type="stmt"/>
        <line num="9" count="57" type="stmt"/>
        <line num="11" count="57" type="stmt"/>
        <line num="12" count="13" type="stmt"/>
        <line num="13" count="13" type="stmt"/>
        <line num="14" count="13" type="stmt"/>
        <line num="16" count="3" type="stmt"/>
        <line num="18" count="13" type="stmt"/>
      </file>
    </package>
    <package name="contexts">
      <metrics statements="38" coveredstatements="37" conditionals="10" coveredconditionals="9" methods="10" coveredmethods="8"/>
      <file name="auth-context.tsx" path="C:\Users\Sande\CSC 510\CSC510-002-4\proj2\frontend\contexts\auth-context.tsx">
        <metrics statements="38" coveredstatements="37" conditionals="10" coveredconditionals="9" methods="10" coveredmethods="8"/>
        <line num="3" count="2" type="stmt"/>
        <line num="5" count="2" type="stmt"/>
        <line num="6" count="2" type="stmt"/>
        <line num="16" count="2" type="stmt"/>
        <line num="24" count="91" type="stmt"/>
        <line num="25" count="91" type="stmt"/>
        <line num="26" count="91" type="cond" truecount="1" falsecount="1"/>
        <line num="27" count="0" type="stmt"/>
        <line num="29" count="91" type="stmt"/>
        <line num="32" count="36" type="stmt"/>
        <line num="33" count="66" type="stmt"/>
        <line num="34" count="66" type="stmt"/>
        <line num="35" count="66" type="stmt"/>
        <line num="36" count="66" type="stmt"/>
        <line num="38" count="66" type="stmt"/>
        <line num="40" count="36" type="stmt"/>
        <line num="41" count="36" type="stmt"/>
        <line num="42" count="36" type="cond" truecount="2" falsecount="0"/>
        <line num="43" count="36" type="stmt"/>
        <line num="49" count="36" type="stmt"/>
        <line num="50" count="3" type="stmt"/>
        <line num="51" count="3" type="cond" truecount="2" falsecount="0"/>
        <line num="52" count="3" type="stmt"/>
        <line num="55" count="36" type="stmt"/>
        <line num="58" count="66" type="stmt"/>
        <line num="59" count="19" type="stmt"/>
        <line num="60" count="19" type="stmt"/>
        <line num="66" count="17" type="cond" truecount="2" falsecount="0"/>
        <line num="68" count="4" type="stmt"/>
        <line num="69" count="4" type="stmt"/>
        <line num="73" count="66" type="stmt"/>
        <line num="74" count="2" type="stmt"/>
        <line num="75" count="2" type="stmt"/>
        <line num="76" count="2" type="cond" truecount="2" falsecount="0"/>
        <line num="77" count="1" type="stmt"/>
        <line num="79" count="1" type="stmt"/>
        <line num="80" count="1" type="stmt"/>
        <line num="84" count="66" type="stmt"/>
      </file>
    </package>
  </project>
</coverage>
