{"C:\\Users\\Sande\\CSC 510\\CSC510-002-4\\proj2\\frontend\\components\\google-sign-in-button.tsx": {"path":"C:\\Users\\Sande\\CSC 510\\CSC510-002-4\\proj2\\frontend\\components\\google-sign-in-button.tsx","statementMap":{"0":{"start":{"line":7,"column":16},"end":{"line":7,"column":null}},"1":{"start":{"line":3,"column":25},"end":{"line":3,"column":null}},"2":{"start":{"line":4,"column":24},"end":{"line":4,"column":null}},"3":{"start":{"line":5,"column":23},"end":{"line":5,"column":null}},"4":{"start":{"line":8,"column":31},"end":{"line":8,"column":null}},"5":{"start":{"line":9,"column":36},"end":{"line":9,"column":null}},"6":{"start":{"line":11,"column":23},"end":{"line":20,"column":null}},"7":{"start":{"line":12,"column":4},"end":{"line":19,"column":null}},"8":{"start":{"line":13,"column":6},"end":{"line":13,"column":null}},"9":{"start":{"line":14,"column":6},"end":{"line":14,"column":null}},"10":{"start":{"line":16,"column":6},"end":{"line":16,"column":null}},"11":{"start":{"line":18,"column":6},"end":{"line":18,"column":null}}},"fnMap":{"0":{"name":"GoogleSignInButton","decl":{"start":{"line":7,"column":16},"end":{"line":7,"column":null}},"loc":{"start":{"line":7,"column":16},"end":{"line":77,"column":null}}},"1":{"name":"(anonymous_2)","decl":{"start":{"line":11,"column":23},"end":{"line":11,"column":null}},"loc":{"start":{"line":11,"column":23},"end":{"line":20,"column":null}}}},"branchMap":{"0":{"loc":{"start":{"line":29,"column":8},"end":{"line":53,"column":null}},"type":"cond-expr","locations":[{"start":{"line":29,"column":8},"end":{"line":53,"column":null}}]}},"s":{"0":19,"1":1,"2":1,"3":1,"4":57,"5":57,"6":57,"7":13,"8":13,"9":13,"10":3,"11":13},"f":{"0":57,"1":13},"b":{"0":[13]}}
,"C:\\Users\\Sande\\CSC 510\\CSC510-002-4\\proj2\\frontend\\contexts\\auth-context.tsx": {"path":"C:\\Users\\Sande\\CSC 510\\CSC510-002-4\\proj2\\frontend\\contexts\\auth-context.tsx","statementMap":{"0":{"start":{"line":32,"column":16},"end":{"line":32,"column":29}},"1":{"start":{"line":24,"column":13},"end":{"line":24,"column":23}},"2":{"start":{"line":3,"column":63},"end":{"line":3,"column":null}},"3":{"start":{"line":5,"column":25},"end":{"line":5,"column":null}},"4":{"start":{"line":6,"column":26},"end":{"line":6,"column":null}},"5":{"start":{"line":16,"column":20},"end":{"line":22,"column":null}},"6":{"start":{"line":24,"column":23},"end":{"line":30,"column":null}},"7":{"start":{"line":25,"column":18},"end":{"line":25,"column":null}},"8":{"start":{"line":26,"column":2},"end":{"line":28,"column":null}},"9":{"start":{"line":27,"column":4},"end":{"line":27,"column":null}},"10":{"start":{"line":29,"column":2},"end":{"line":29,"column":null}},"11":{"start":{"line":33,"column":26},"end":{"line":33,"column":null}},"12":{"start":{"line":34,"column":32},"end":{"line":34,"column":null}},"13":{"start":{"line":35,"column":32},"end":{"line":35,"column":null}},"14":{"start":{"line":36,"column":17},"end":{"line":36,"column":null}},"15":{"start":{"line":38,"column":2},"end":{"line":56,"column":null}},"16":{"start":{"line":40,"column":4},"end":{"line":44,"column":null}},"17":{"start":{"line":41,"column":6},"end":{"line":41,"column":null}},"18":{"start":{"line":42,"column":6},"end":{"line":42,"column":null}},"19":{"start":{"line":43,"column":6},"end":{"line":43,"column":null}},"20":{"start":{"line":49,"column":8},"end":{"line":53,"column":null}},"21":{"start":{"line":50,"column":6},"end":{"line":50,"column":null}},"22":{"start":{"line":51,"column":6},"end":{"line":51,"column":null}},"23":{"start":{"line":52,"column":6},"end":{"line":52,"column":null}},"24":{"start":{"line":55,"column":4},"end":{"line":55,"column":null}},"25":{"start":{"line":55,"column":17},"end":{"line":55,"column":null}},"26":{"start":{"line":58,"column":27},"end":{"line":71,"column":null}},"27":{"start":{"line":59,"column":4},"end":{"line":70,"column":null}},"28":{"start":{"line":60,"column":24},"end":{"line":65,"column":null}},"29":{"start":{"line":66,"column":6},"end":{"line":66,"column":null}},"30":{"start":{"line":66,"column":17},"end":{"line":66,"column":null}},"31":{"start":{"line":68,"column":6},"end":{"line":68,"column":null}},"32":{"start":{"line":69,"column":6},"end":{"line":69,"column":null}},"33":{"start":{"line":73,"column":18},"end":{"line":82,"column":null}},"34":{"start":{"line":74,"column":4},"end":{"line":81,"column":null}},"35":{"start":{"line":75,"column":24},"end":{"line":75,"column":null}},"36":{"start":{"line":76,"column":6},"end":{"line":76,"column":null}},"37":{"start":{"line":76,"column":17},"end":{"line":76,"column":null}},"38":{"start":{"line":77,"column":6},"end":{"line":77,"column":null}},"39":{"start":{"line":79,"column":6},"end":{"line":79,"column":null}},"40":{"start":{"line":80,"column":6},"end":{"line":80,"column":null}},"41":{"start":{"line":84,"column":16},"end":{"line":90,"column":null}}},"fnMap":{"0":{"name":"(anonymous_3)","decl":{"start":{"line":19,"column":20},"end":{"line":19,"column":33}},"loc":{"start":{"line":19,"column":20},"end":{"line":19,"column":null}}},"1":{"name":"(anonymous_4)","decl":{"start":{"line":20,"column":11},"end":{"line":20,"column":24}},"loc":{"start":{"line":20,"column":11},"end":{"line":20,"column":null}}},"2":{"name":"(anonymous_5)","decl":{"start":{"line":24,"column":23},"end":{"line":24,"column":null}},"loc":{"start":{"line":24,"column":23},"end":{"line":30,"column":null}}},"3":{"name":"AuthProvider","decl":{"start":{"line":32,"column":16},"end":{"line":32,"column":29}},"loc":{"start":{"line":32,"column":72},"end":{"line":93,"column":null}}},"4":{"name":"(anonymous_7)","decl":{"start":{"line":38,"column":12},"end":{"line":38,"column":null}},"loc":{"start":{"line":38,"column":12},"end":{"line":56,"column":5}}},"5":{"name":"(anonymous_8)","decl":{"start":{"line":40,"column":36},"end":{"line":40,"column":37}},"loc":{"start":{"line":40,"column":58},"end":{"line":44,"column":null}}},"6":{"name":"(anonymous_9)","decl":{"start":{"line":49,"column":40},"end":{"line":49,"column":41}},"loc":{"start":{"line":49,"column":49},"end":{"line":53,"column":null}}},"7":{"name":"(anonymous_10)","decl":{"start":{"line":55,"column":11},"end":{"line":55,"column":17}},"loc":{"start":{"line":55,"column":17},"end":{"line":55,"column":null}}},"8":{"name":"(anonymous_11)","decl":{"start":{"line":58,"column":27},"end":{"line":58,"column":null}},"loc":{"start":{"line":58,"column":27},"end":{"line":71,"column":null}}},"9":{"name":"(anonymous_12)","decl":{"start":{"line":73,"column":18},"end":{"line":73,"column":null}},"loc":{"start":{"line":73,"column":18},"end":{"line":82,"column":null}}}},"branchMap":{"0":{"loc":{"start":{"line":26,"column":2},"end":{"line":28,"column":null}},"type":"if","locations":[{"start":{"line":26,"column":2},"end":{"line":28,"column":null}},{"start":{},"end":{}}]},"1":{"loc":{"start":{"line":42,"column":14},"end":{"line":42,"column":null}},"type":"binary-expr","locations":[{"start":{"line":42,"column":14},"end":{"line":42,"column":31}},{"start":{"line":42,"column":31},"end":{"line":42,"column":null}}]},"2":{"loc":{"start":{"line":51,"column":14},"end":{"line":51,"column":null}},"type":"binary-expr","locations":[{"start":{"line":51,"column":14},"end":{"line":51,"column":31}},{"start":{"line":51,"column":31},"end":{"line":51,"column":null}}]},"3":{"loc":{"start":{"line":66,"column":6},"end":{"line":66,"column":null}},"type":"if","locations":[{"start":{"line":66,"column":6},"end":{"line":66,"column":null}},{"start":{},"end":{}}]},"4":{"loc":{"start":{"line":76,"column":6},"end":{"line":76,"column":null}},"type":"if","locations":[{"start":{"line":76,"column":6},"end":{"line":76,"column":null}},{"start":{},"end":{}}]}},"s":{"0":36,"1":91,"2":2,"3":2,"4":2,"5":2,"6":2,"7":91,"8":91,"9":0,"10":91,"11":66,"12":66,"13":66,"14":66,"15":66,"16":36,"17":36,"18":36,"19":36,"20":36,"21":3,"22":3,"23":3,"24":36,"25":36,"26":66,"27":19,"28":19,"29":17,"30":2,"31":4,"32":4,"33":66,"34":2,"35":2,"36":2,"37":1,"38":1,"39":1,"40":1,"41":66},"f":{"0":0,"1":0,"2":91,"3":66,"4":36,"5":36,"6":3,"7":36,"8":19,"9":2},"b":{"0":[0,91],"1":[36,33],"2":[3,1],"3":[2,15],"4":[1,1]}}
}
