TN:
SF:app\page.tsx
FN:13,Home
FN:32,(anonymous_3)
FN:33,(anonymous_4)
FN:54,(anonymous_5)
FN:79,(anonymous_6)
FN:82,(anonymous_7)
FN:87,(anonymous_8)
FN:90,(anonymous_9)
FN:95,(anonymous_10)
FN:98,(anonymous_11)
FN:105,(anonymous_12)
FN:109,(anonymous_13)
FN:115,(anonymous_14)
FN:132,(anonymous_15)
FN:175,(anonymous_16)
FN:195,(anonymous_17)
FN:206,(anonymous_18)
FN:218,(anonymous_19)
FN:219,(anonymous_20)
FN:226,(anonymous_21)
FNF:20
FNH:0
FNDA:0,Home
FNDA:0,(anonymous_3)
FNDA:0,(anonymous_4)
FNDA:0,(anonymous_5)
FNDA:0,(anonymous_6)
FNDA:0,(anonymous_7)
FNDA:0,(anonymous_8)
FNDA:0,(anonymous_9)
FNDA:0,(anonymous_10)
FNDA:0,(anonymous_11)
FNDA:0,(anonymous_12)
FNDA:0,(anonymous_13)
FNDA:0,(anonymous_14)
FNDA:0,(anonymous_15)
FNDA:0,(anonymous_16)
FNDA:0,(anonymous_17)
FNDA:0,(anonymous_18)
FNDA:0,(anonymous_19)
FNDA:0,(anonymous_20)
FNDA:0,(anonymous_21)
DA:3,0
DA:4,0
DA:5,0
DA:6,0
DA:7,0
DA:8,0
DA:9,0
DA:10,0
DA:13,0
DA:14,0
DA:15,0
DA:16,0
DA:21,0
DA:22,0
DA:23,0
DA:24,0
DA:25,0
DA:27,0
DA:28,0
DA:29,0
DA:32,0
DA:33,0
DA:34,0
DA:35,0
DA:36,0
DA:38,0
DA:39,0
DA:40,0
DA:41,0
DA:48,0
DA:49,0
DA:51,0
DA:52,0
DA:54,0
DA:65,0
DA:66,0
DA:68,0
DA:71,0
DA:72,0
DA:73,0
DA:75,0
DA:78,0
DA:79,0
DA:82,0
DA:83,0
DA:84,0
DA:87,0
DA:88,0
DA:89,0
DA:90,0
DA:91,0
DA:95,0
DA:96,0
DA:97,0
DA:98,0
DA:99,0
DA:102,0
DA:103,0
DA:104,0
DA:105,0
DA:107,0
DA:108,0
DA:109,0
DA:114,0
DA:115,0
DA:132,0
DA:175,0
DA:195,0
DA:206,0
DA:218,0
DA:220,0
DA:226,0
LF:72
LH:0
BRDA:34,0,0,0
BRDA:34,0,1,0
BRDA:34,1,0,0
BRDA:34,1,1,0
BRDA:48,2,0,0
BRDA:48,2,1,0
BRDA:52,3,0,0
BRDA:52,3,1,0
BRDA:52,4,0,0
BRDA:52,4,1,0
BRDA:57,5,0,0
BRDA:57,5,1,0
BRDA:59,6,0,0
BRDA:59,6,1,0
BRDA:61,7,0,0
BRDA:61,7,1,0
BRDA:62,8,0,0
BRDA:62,8,1,0
BRDA:63,9,0,0
BRDA:63,9,1,0
BRDA:72,10,0,0
BRDA:72,10,1,0
BRDA:88,11,0,0
BRDA:88,11,1,0
BRDA:96,12,0,0
BRDA:96,12,1,0
BRDA:115,13,0,0
BRDA:115,13,1,0
BRDA:115,13,2,0
BRDA:147,14,0,0
BRDA:153,15,0,0
BRDA:161,16,0,0
BRDA:181,17,0,0
BRDA:192,18,0,0
BRDA:213,19,0,0
BRF:35
BRH:0
end_of_record
TN:
SF:app\auth\callback\page.tsx
FN:7,AuthCallback
FN:10,(anonymous_2)
FN:11,(anonymous_3)
FNF:3
FNH:0
FNDA:0,AuthCallback
FNDA:0,(anonymous_2)
FNDA:0,(anonymous_3)
DA:3,0
DA:4,0
DA:5,0
DA:7,0
DA:8,0
DA:10,0
DA:11,0
DA:12,0
DA:14,0
DA:18,0
DA:19,0
DA:20,0
DA:21,0
DA:25,0
DA:27,0
DA:28,0
DA:32,0
LF:17
LH:0
BRDA:15,0,0,0
BRDA:15,0,1,0
BRDA:18,1,0,0
BRDA:18,1,1,0
BRF:4
BRH:0
end_of_record
TN:
SF:app\cart\page.tsx
FN:17,CartPage
FN:26,(anonymous_3)
FN:27,(anonymous_4)
FN:36,(anonymous_5)
FN:55,(anonymous_6)
FN:58,(anonymous_7)
FN:63,(anonymous_8)
FN:63,(anonymous_9)
FN:74,(anonymous_10)
FN:77,(anonymous_11)
FN:82,(anonymous_12)
FN:82,(anonymous_13)
FN:90,(anonymous_14)
FN:102,(anonymous_15)
FN:126,(anonymous_16)
FN:130,(anonymous_17)
FN:130,(anonymous_18)
FN:165,(anonymous_19)
FN:179,(anonymous_20)
FN:186,(anonymous_21)
FN:194,(anonymous_22)
FN:213,(anonymous_23)
FNF:22
FNH:21
FNDA:133,CartPage
FNDA:57,(anonymous_3)
FNDA:57,(anonymous_4)
FNDA:94,(anonymous_5)
FNDA:4,(anonymous_6)
FNDA:4,(anonymous_7)
FNDA:4,(anonymous_8)
FNDA:8,(anonymous_9)
FNDA:2,(anonymous_10)
FNDA:2,(anonymous_11)
FNDA:2,(anonymous_12)
FNDA:4,(anonymous_13)
FNDA:0,(anonymous_14)
FNDA:13,(anonymous_15)
FNDA:1,(anonymous_16)
FNDA:116,(anonymous_17)
FNDA:92,(anonymous_18)
FNDA:120,(anonymous_19)
FNDA:1,(anonymous_20)
FNDA:3,(anonymous_21)
FNDA:2,(anonymous_22)
FNDA:120,(anonymous_23)
DA:3,1
DA:4,1
DA:5,1
DA:6,1
DA:17,57
DA:18,133
DA:19,133
DA:20,133
DA:21,133
DA:22,133
DA:23,133
DA:26,133
DA:27,57
DA:28,57
DA:29,1
DA:30,1
DA:33,56
DA:34,56
DA:36,94
DA:44,52
DA:46,1
DA:48,53
DA:52,57
DA:55,133
DA:56,4
DA:58,4
DA:59,4
DA:61,4
DA:63,8
DA:66,4
DA:68,1
DA:70,1
DA:74,133
DA:75,2
DA:77,2
DA:78,2
DA:80,2
DA:82,4
DA:85,2
DA:87,0
DA:89,0
DA:90,0
DA:98,0
DA:102,133
DA:103,13
DA:105,13
DA:107,13
DA:109,13
DA:110,22
DA:114,9
DA:117,9
DA:119,0
DA:120,0
DA:122,9
DA:126,133
DA:127,1
DA:130,133
DA:166,120
DA:179,1
DA:186,3
DA:194,2
DA:213,120
LF:62
LH:56
BRDA:28,0,0,1
BRDA:28,0,1,56
BRDA:56,1,0,0
BRDA:56,1,1,4
BRDA:59,2,0,0
BRDA:59,2,1,4
BRDA:63,3,0,4
BRDA:63,3,1,4
BRDA:75,4,0,0
BRDA:75,4,1,2
BRDA:78,5,0,0
BRDA:78,5,1,2
BRDA:103,6,0,0
BRDA:103,6,1,13
BRDA:103,7,0,13
BRDA:103,7,1,13
BRDA:140,8,0,2
BRDA:145,9,0,55
BRDA:155,10,0,14
BRDA:168,11,0,120
BRDA:168,11,1,1
BRDA:232,12,0,13
BRDA:232,12,1,49
BRDA:250,13,0,133
BRF:24
BRH:19
end_of_record
TN:
SF:app\login\page.tsx
FN:8,LoginPage
FN:14,(anonymous_2)
FNF:2
FNH:0
FNDA:0,LoginPage
FNDA:0,(anonymous_2)
DA:3,0
DA:4,0
DA:5,0
DA:6,0
DA:8,0
DA:9,0
DA:10,0
DA:11,0
DA:12,0
DA:14,0
DA:15,0
DA:16,0
DA:20,0
LF:13
LH:0
BRDA:15,0,0,0
BRDA:15,0,1,0
BRDA:15,1,0,0
BRDA:15,1,1,0
BRDA:20,2,0,0
BRDA:20,2,1,0
BRDA:41,3,0,0
BRDA:43,4,0,0
BRDA:43,4,1,0
BRDA:44,5,0,0
BRDA:44,5,1,0
BRDA:45,6,0,0
BRDA:45,6,1,0
BRF:13
BRH:0
end_of_record
TN:
SF:app\restaurant\[id]\page.tsx
FN:29,RestaurantDetailPage
FN:35,(anonymous_3)
FN:36,(anonymous_4)
FN:53,(anonymous_5)
FN:112,(anonymous_6)
FN:177,(anonymous_7)
FN:184,(anonymous_8)
FNF:7
FNH:6
FNDA:57,RestaurantDetailPage
FNDA:30,(anonymous_3)
FNDA:30,(anonymous_4)
FNDA:0,(anonymous_5)
FNDA:64,(anonymous_6)
FNDA:64,(anonymous_7)
FNDA:64,(anonymous_8)
DA:3,1
DA:4,1
DA:5,1
DA:6,1
DA:7,1
DA:8,1
DA:9,1
DA:29,30
DA:30,57
DA:31,57
DA:32,57
DA:33,57
DA:35,57
DA:36,30
DA:37,30
DA:38,30
DA:39,30
DA:41,30
DA:43,30
DA:50,26
DA:52,26
DA:53,2
DA:54,2
DA:55,2
DA:58,24
DA:59,24
DA:60,24
DA:62,4
DA:63,4
DA:64,4
DA:66,28
DA:70,30
DA:71,30
DA:75,57
DA:91,27
DA:112,23
DA:113,64
DA:114,64
DA:116,64
DA:117,64
DA:178,64
DA:185,64
LF:42
LH:42
BRDA:52,0,0,2
BRDA:52,0,1,24
BRDA:54,1,0,2
BRDA:54,1,1,0
BRDA:54,1,2,0
BRDA:63,2,0,4
BRDA:63,2,1,0
BRDA:70,3,0,30
BRDA:70,3,1,0
BRDA:75,4,0,30
BRDA:75,4,1,27
BRDA:91,5,0,4
BRDA:91,5,1,23
BRDA:91,6,0,27
BRDA:91,6,1,23
BRDA:101,7,0,4
BRDA:101,7,1,0
BRDA:113,8,0,64
BRDA:113,8,1,0
BRDA:128,9,0,22
BRDA:150,10,0,23
BRDA:159,11,0,1
BRDA:159,11,1,22
BRDA:168,12,0,1
BRDA:168,12,1,22
BRDA:190,13,0,64
BRDA:211,14,0,64
BRF:27
BRH:21
end_of_record
TN:
SF:app\restaurant\setup\page.tsx
FN:21,RestaurantSetup
FN:39,(anonymous_3)
FN:44,(anonymous_4)
FN:51,(anonymous_5)
FN:55,(anonymous_6)
FN:56,(anonymous_7)
FN:57,(anonymous_8)
FN:68,(anonymous_9)
FN:81,(anonymous_10)
FN:82,(anonymous_11)
FN:85,(anonymous_12)
FN:86,(anonymous_13)
FN:87,(anonymous_14)
FN:91,(anonymous_15)
FN:118,(anonymous_16)
FN:134,(anonymous_17)
FN:227,(anonymous_18)
FN:242,(anonymous_19)
FN:285,(anonymous_20)
FN:292,(anonymous_21)
FN:311,(anonymous_22)
FN:326,(anonymous_23)
FN:341,(anonymous_24)
FN:358,(anonymous_25)
FN:372,(anonymous_26)
FNF:25
FNH:0
FNDA:0,RestaurantSetup
FNDA:0,(anonymous_3)
FNDA:0,(anonymous_4)
FNDA:0,(anonymous_5)
FNDA:0,(anonymous_6)
FNDA:0,(anonymous_7)
FNDA:0,(anonymous_8)
FNDA:0,(anonymous_9)
FNDA:0,(anonymous_10)
FNDA:0,(anonymous_11)
FNDA:0,(anonymous_12)
FNDA:0,(anonymous_13)
FNDA:0,(anonymous_14)
FNDA:0,(anonymous_15)
FNDA:0,(anonymous_16)
FNDA:0,(anonymous_17)
FNDA:0,(anonymous_18)
FNDA:0,(anonymous_19)
FNDA:0,(anonymous_20)
FNDA:0,(anonymous_21)
FNDA:0,(anonymous_22)
FNDA:0,(anonymous_23)
FNDA:0,(anonymous_24)
FNDA:0,(anonymous_25)
FNDA:0,(anonymous_26)
DA:3,0
DA:4,0
DA:5,0
DA:6,0
DA:7,0
DA:8,0
DA:9,0
DA:21,0
DA:22,0
DA:23,0
DA:24,0
DA:25,0
DA:26,0
DA:27,0
DA:39,0
DA:40,0
DA:41,0
DA:42,0
DA:43,0
DA:44,0
DA:45,0
DA:47,0
DA:51,0
DA:52,0
DA:53,0
DA:54,0
DA:55,0
DA:56,0
DA:57,0
DA:58,0
DA:64,0
DA:68,0
DA:69,0
DA:78,0
DA:81,0
DA:82,0
DA:85,0
DA:86,0
DA:87,0
DA:91,0
DA:92,0
DA:93,0
DA:94,0
DA:95,0
DA:97,0
DA:101,0
DA:102,0
DA:103,0
DA:107,0
DA:111,0
DA:113,0
DA:114,0
DA:118,0
DA:119,0
DA:120,0
DA:122,0
DA:124,0
DA:125,0
DA:126,0
DA:127,0
DA:128,0
DA:133,0
DA:135,0
DA:136,0
DA:137,0
DA:138,0
DA:139,0
DA:142,0
DA:153,0
DA:160,0
DA:162,0
DA:168,0
DA:169,0
DA:170,0
DA:173,0
DA:174,0
DA:175,0
DA:178,0
DA:179,0
DA:180,0
DA:181,0
DA:182,0
DA:192,0
DA:193,0
DA:195,0
DA:227,0
DA:242,0
DA:286,0
DA:292,0
DA:311,0
DA:326,0
DA:341,0
DA:358,0
DA:372,0
LF:94
LH:0
BRDA:41,0,0,0
BRDA:41,0,1,0
BRDA:53,1,0,0
BRDA:53,1,1,0
BRDA:58,2,0,0
BRDA:58,2,1,0
BRDA:87,3,0,0
BRDA:87,3,1,0
BRDA:101,4,0,0
BRDA:101,4,1,0
BRDA:125,5,0,0
BRDA:125,5,1,0
BRDA:127,6,0,0
BRDA:127,6,1,0
BRDA:136,7,0,0
BRDA:136,7,1,0
BRDA:138,8,0,0
BRDA:138,8,1,0
BRDA:168,9,0,0
BRDA:168,9,1,0
BRDA:170,10,0,0
BRDA:170,10,1,0
BRDA:193,11,0,0
BRDA:193,11,1,0
BRDA:262,12,0,0
BRDA:289,13,0,0
BRDA:357,14,0,0
BRDA:357,14,1,0
BRDA:377,15,0,0
BRDA:401,16,0,0
BRDA:401,16,1,0
BRF:31
BRH:0
end_of_record
TN:
SF:components\filter-modal.tsx
FN:16,FilterModal
FN:19,(anonymous_2)
FN:23,(anonymous_3)
FN:59,(anonymous_4)
FN:78,(anonymous_5)
FN:98,(anonymous_6)
FNF:6
FNH:0
FNDA:0,FilterModal
FNDA:0,(anonymous_2)
FNDA:0,(anonymous_3)
FNDA:0,(anonymous_4)
FNDA:0,(anonymous_5)
FNDA:0,(anonymous_6)
DA:3,0
DA:16,0
DA:17,0
DA:19,0
DA:20,0
DA:23,0
DA:24,0
DA:25,0
DA:26,0
DA:29,0
DA:59,0
DA:78,0
DA:98,0
LF:13
LH:0
BRDA:29,0,0,0
BRDA:29,0,1,0
BRF:2
BRH:0
end_of_record
TN:
SF:components\google-sign-in-button.tsx
FN:7,GoogleSignInButton
FN:11,(anonymous_2)
FNF:2
FNH:2
FNDA:57,GoogleSignInButton
FNDA:13,(anonymous_2)
DA:3,1
DA:4,1
DA:5,1
DA:7,19
DA:8,57
DA:9,57
DA:11,57
DA:12,13
DA:13,13
DA:14,13
DA:16,3
DA:18,13
LF:12
LH:12
BRDA:29,0,0,13
BRF:1
BRH:1
end_of_record
TN:
SF:components\header.tsx
FN:16,Header
FN:20,(anonymous_3)
FN:26,(anonymous_4)
FN:32,(anonymous_5)
FN:37,(anonymous_6)
FN:41,(anonymous_7)
FN:44,(anonymous_8)
FN:112,(anonymous_9)
FNF:8
FNH:7
FNDA:37,Header
FNDA:34,(anonymous_3)
FNDA:8,(anonymous_4)
FNDA:33,(anonymous_5)
FNDA:1,(anonymous_6)
FNDA:33,(anonymous_7)
FNDA:12,(anonymous_8)
FNDA:0,(anonymous_9)
DA:3,1
DA:4,1
DA:5,1
DA:13,1
DA:14,1
DA:16,33
DA:17,37
DA:18,37
DA:20,37
DA:21,34
DA:22,34
DA:23,34
DA:24,6
DA:25,5
DA:26,8
DA:28,1
DA:32,37
DA:34,33
DA:37,33
DA:38,33
DA:41,33
DA:44,37
DA:45,12
DA:46,10
DA:47,10
DA:48,9
DA:50,1
DA:112,0
LF:28
LH:27
BRDA:23,0,0,28
BRDA:23,0,1,6
BRDA:25,1,0,1
BRDA:25,1,1,4
BRDA:26,2,0,8
BRDA:26,2,1,1
BRDA:45,3,0,2
BRDA:45,3,1,10
BRDA:47,4,0,9
BRDA:47,4,1,1
BRDA:74,5,0,37
BRDA:82,6,0,1
BRDA:84,7,0,12
BRDA:88,8,0,12
BRDA:88,8,1,2
BRDA:98,9,0,12
BRDA:98,9,1,2
BRF:17
BRH:17
end_of_record
TN:
SF:components\mood-input.tsx
FN:8,MoodInput
FN:13,(anonymous_2)
FNF:2
FNH:0
FNDA:0,MoodInput
FNDA:0,(anonymous_2)
DA:8,0
DA:13,0
LF:2
LH:0
BRF:0
BRH:0
end_of_record
TN:
SF:components\recommendation-card.tsx
FN:16,RecommendationCard
FN:42,(anonymous_2)
FNF:2
FNH:0
FNDA:0,RecommendationCard
FNDA:0,(anonymous_2)
DA:16,0
DA:42,0
LF:2
LH:0
BRDA:25,0,0,0
BRDA:33,1,0,0
BRDA:33,1,1,0
BRDA:40,2,0,0
BRDA:44,3,0,0
BRDA:44,3,1,0
BRDA:48,4,0,0
BRDA:48,4,1,0
BRF:8
BRH:0
end_of_record
TN:
SF:components\recommendation-grid.tsx
FN:80,RecommendationGrid
FN:94,(anonymous_3)
FN:98,(anonymous_4)
FN:128,(anonymous_5)
FNF:4
FNH:0
FNDA:0,RecommendationGrid
FNDA:0,(anonymous_3)
FNDA:0,(anonymous_4)
FNDA:0,(anonymous_5)
DA:3,0
DA:4,0
DA:5,0
DA:17,0
DA:80,0
DA:90,0
DA:93,0
DA:94,0
DA:97,0
DA:98,0
DA:101,0
DA:129,0
LF:12
LH:0
BRDA:94,0,0,0
BRDA:94,0,1,0
BRDA:94,0,2,0
BRDA:97,1,0,0
BRDA:97,1,1,0
BRDA:105,2,0,0
BRDA:116,3,0,0
BRDA:127,4,0,0
BRDA:140,5,0,0
BRDA:140,5,1,0
BRDA:142,6,0,0
BRDA:142,6,1,0
BRF:12
BRH:0
end_of_record
TN:
SF:components\sort-controls.tsx
FN:13,SortControls
FN:34,(anonymous_2)
FN:37,(anonymous_3)
FN:46,(anonymous_4)
FNF:4
FNH:0
FNDA:0,SortControls
FNDA:0,(anonymous_2)
FNDA:0,(anonymous_3)
FNDA:0,(anonymous_4)
DA:13,0
DA:20,0
DA:34,0
DA:38,0
DA:46,0
LF:5
LH:0
BRDA:48,0,0,0
BRDA:48,0,1,0
BRDA:55,1,0,0
BRDA:55,1,1,0
BRDA:66,2,0,0
BRDA:66,2,1,0
BRF:6
BRH:0
end_of_record
TN:
SF:components\swipe-card.tsx
FN:26,(anonymous_1)
FN:49,(anonymous_2)
FN:50,(anonymous_3)
FN:63,(anonymous_4)
FN:69,(anonymous_5)
FN:74,(anonymous_6)
FN:85,(anonymous_7)
FN:108,(anonymous_8)
FN:113,(anonymous_9)
FN:124,(anonymous_10)
FN:152,(anonymous_11)
FN:217,(anonymous_12)
FN:236,(anonymous_13)
FNF:13
FNH:10
FNDA:77,(anonymous_1)
FNDA:0,(anonymous_2)
FNDA:0,(anonymous_3)
FNDA:0,(anonymous_4)
FNDA:11,(anonymous_5)
FNDA:12,(anonymous_6)
FNDA:8,(anonymous_7)
FNDA:3,(anonymous_8)
FNDA:3,(anonymous_9)
FNDA:3,(anonymous_10)
FNDA:2,(anonymous_11)
FNDA:1,(anonymous_12)
FNDA:2,(anonymous_13)
DA:5,1
DA:26,1
DA:40,77
DA:41,77
DA:42,77
DA:43,77
DA:44,77
DA:45,77
DA:46,77
DA:49,77
DA:51,0
DA:52,0
DA:54,0
DA:55,0
DA:56,0
DA:58,0
DA:59,0
DA:63,0
DA:64,0
DA:69,77
DA:70,11
DA:71,11
DA:74,77
DA:75,12
DA:77,11
DA:78,11
DA:80,11
DA:81,11
DA:82,11
DA:85,77
DA:86,8
DA:88,8
DA:89,8
DA:91,8
DA:92,6
DA:93,6
DA:94,3
DA:96,6
DA:97,6
DA:98,6
DA:99,6
DA:101,2
DA:102,2
DA:103,2
DA:108,77
DA:109,3
DA:110,3
DA:113,77
DA:114,3
DA:116,3
DA:117,3
DA:119,3
DA:120,3
DA:121,3
DA:124,77
DA:125,3
DA:127,3
DA:128,3
DA:130,3
DA:131,2
DA:132,2
DA:133,1
DA:135,2
DA:136,2
DA:137,2
DA:138,2
DA:140,1
DA:141,1
DA:142,1
DA:153,2
DA:154,2
DA:155,2
DA:156,2
DA:157,2
DA:217,1
DA:237,2
DA:238,2
DA:253,1
DA:255,36
LF:79
LH:70
BRDA:36,0,0,0
BRDA:51,1,0,0
BRDA:51,1,1,0
BRDA:52,2,0,0
BRDA:52,2,1,0
BRDA:58,3,0,0
BRDA:58,3,1,0
BRDA:58,4,0,0
BRDA:58,4,1,0
BRDA:75,5,0,1
BRDA:75,5,1,11
BRDA:91,6,0,6
BRDA:91,6,1,2
BRDA:92,7,0,4
BRDA:92,7,1,2
BRDA:93,8,0,3
BRDA:93,8,1,3
BRDA:93,9,0,6
BRDA:93,9,1,4
BRDA:97,10,0,4
BRDA:97,10,1,2
BRDA:98,11,0,4
BRDA:98,11,1,2
BRDA:114,12,0,0
BRDA:114,12,1,3
BRDA:130,13,0,2
BRDA:130,13,1,1
BRDA:131,14,0,1
BRDA:131,14,1,1
BRDA:132,15,0,1
BRDA:132,15,1,1
BRDA:132,16,0,2
BRDA:132,16,1,1
BRDA:136,17,0,1
BRDA:136,17,1,1
BRDA:137,18,0,1
BRDA:137,18,1,1
BRDA:153,19,0,2
BRDA:153,19,1,0
BRDA:167,20,0,28
BRDA:167,20,1,49
BRDA:173,21,0,77
BRDA:173,21,1,0
BRDA:219,22,0,1
BRDA:219,22,1,76
BRDA:223,23,0,1
BRDA:223,23,1,76
BRF:47
BRH:35
end_of_record
TN:
SF:components\swipe-stack.tsx
FN:15,SwipeStack
FN:20,(anonymous_3)
FN:24,(anonymous_4)
FN:29,(anonymous_5)
FN:34,(anonymous_6)
FN:35,(anonymous_7)
FN:48,(anonymous_8)
FN:72,(anonymous_9)
FN:98,(anonymous_10)
FNF:9
FNH:0
FNDA:0,SwipeStack
FNDA:0,(anonymous_3)
FNDA:0,(anonymous_4)
FNDA:0,(anonymous_5)
FNDA:0,(anonymous_6)
FNDA:0,(anonymous_7)
FNDA:0,(anonymous_8)
FNDA:0,(anonymous_9)
FNDA:0,(anonymous_10)
DA:3,0
DA:4,0
DA:15,0
DA:16,0
DA:17,0
DA:18,0
DA:20,0
DA:21,0
DA:22,0
DA:24,0
DA:26,0
DA:27,0
DA:29,0
DA:34,0
DA:35,0
DA:36,0
DA:38,0
DA:39,0
DA:40,0
DA:41,0
DA:42,0
DA:43,0
DA:47,0
DA:48,0
DA:51,0
DA:59,0
DA:61,0
DA:73,0
DA:99,0
LF:29
LH:0
BRDA:22,0,0,0
BRDA:22,0,1,0
BRDA:26,1,0,0
BRDA:26,1,1,0
BRDA:36,2,0,0
BRDA:36,2,1,0
BRDA:38,3,0,0
BRDA:38,3,1,0
BRDA:41,4,0,0
BRDA:41,4,1,0
BRDA:51,5,0,0
BRDA:51,5,1,0
BRDA:51,6,0,0
BRDA:51,6,1,0
BRDA:61,7,0,0
BRDA:61,7,1,0
BRDA:102,8,0,0
BRDA:102,8,1,0
BRDA:102,9,0,0
BRDA:102,9,1,0
BRF:20
BRH:0
end_of_record
TN:
SF:components\theme-provider.tsx
FN:9,ThemeProvider
FNF:1
FNH:0
FNDA:0,ThemeProvider
DA:3,0
DA:7,0
DA:9,0
LF:3
LH:0
BRF:0
BRH:0
end_of_record
TN:
SF:components\ui\accordion.tsx
FN:9,Accordion
FN:15,AccordionItem
FN:28,AccordionTrigger
FN:50,AccordionContent
FNF:4
FNH:0
FNDA:0,Accordion
FNDA:0,AccordionItem
FNDA:0,AccordionTrigger
FNDA:0,AccordionContent
DA:3,0
DA:4,0
DA:5,0
DA:7,0
DA:66,0
LF:5
LH:0
BRF:0
BRH:0
end_of_record
TN:
SF:components\ui\alert-dialog.tsx
FN:9,AlertDialog
FN:15,AlertDialogTrigger
FN:23,AlertDialogPortal
FN:31,AlertDialogOverlay
FN:47,AlertDialogContent
FN:66,AlertDialogHeader
FN:79,AlertDialogFooter
FN:95,AlertDialogTitle
FN:108,AlertDialogDescription
FN:121,AlertDialogAction
FN:133,AlertDialogCancel
FNF:11
FNH:0
FNDA:0,AlertDialog
FNDA:0,AlertDialogTrigger
FNDA:0,AlertDialogPortal
FNDA:0,AlertDialogOverlay
FNDA:0,AlertDialogContent
FNDA:0,AlertDialogHeader
FNDA:0,AlertDialogFooter
FNDA:0,AlertDialogTitle
FNDA:0,AlertDialogDescription
FNDA:0,AlertDialogAction
FNDA:0,AlertDialogCancel
DA:3,0
DA:4,0
DA:6,0
DA:7,0
DA:146,0
DA:147,0
DA:148,0
DA:149,0
DA:150,0
DA:151,0
DA:152,0
DA:153,0
DA:154,0
DA:155,0
DA:156,0
LF:15
LH:0
BRF:0
BRH:0
end_of_record
TN:
SF:components\ui\alert.tsx
FN:22,Alert
FN:37,AlertTitle
FN:50,AlertDescription
FNF:3
FNH:0
FNDA:0,Alert
FNDA:0,AlertTitle
FNDA:0,AlertDescription
DA:1,0
DA:2,0
DA:4,0
DA:6,0
DA:66,0
LF:5
LH:0
BRF:0
BRH:0
end_of_record
TN:
SF:components\ui\aspect-ratio.tsx
FN:5,AspectRatio
FNF:1
FNH:0
FNDA:0,AspectRatio
DA:3,0
DA:11,0
LF:2
LH:0
BRF:0
BRH:0
end_of_record
TN:
SF:components\ui\avatar.tsx
FN:8,Avatar
FN:24,AvatarImage
FN:37,AvatarFallback
FNF:3
FNH:3
FNDA:12,Avatar
FNDA:12,AvatarImage
FNDA:12,AvatarFallback
DA:3,1
DA:4,1
DA:6,1
DA:53,12
LF:4
LH:4
BRF:0
BRH:0
end_of_record
TN:
SF:components\ui\badge.tsx
FN:28,Badge
FNF:1
FNH:1
FNDA:151,Badge
DA:1,1
DA:2,1
DA:3,1
DA:5,1
DA:7,1
DA:35,151
DA:46,151
LF:7
LH:7
BRDA:31,0,0,151
BRDA:35,1,0,0
BRDA:35,1,1,151
BRF:3
BRH:2
end_of_record
TN:
SF:components\ui\breadcrumb.tsx
FN:7,Breadcrumb
FN:11,BreadcrumbList
FN:24,BreadcrumbItem
FN:34,BreadcrumbLink
FN:52,BreadcrumbPage
FN:65,BreadcrumbSeparator
FN:83,BreadcrumbEllipsis
FNF:7
FNH:0
FNDA:0,Breadcrumb
FNDA:0,BreadcrumbList
FNDA:0,BreadcrumbItem
FNDA:0,BreadcrumbLink
FNDA:0,BreadcrumbPage
FNDA:0,BreadcrumbSeparator
FNDA:0,BreadcrumbEllipsis
DA:1,0
DA:2,0
DA:3,0
DA:5,0
DA:41,0
DA:102,0
DA:103,0
DA:104,0
DA:105,0
DA:106,0
DA:107,0
DA:108,0
LF:12
LH:0
BRDA:41,0,0,0
BRDA:41,0,1,0
BRDA:78,1,0,0
BRDA:78,1,1,0
BRF:4
BRH:0
end_of_record
TN:
SF:components\ui\button-group.tsx
FN:24,ButtonGroup
FN:40,ButtonGroupText
FN:60,ButtonGroupSeparator
FNF:3
FNH:0
FNDA:0,ButtonGroup
FNDA:0,ButtonGroupText
FNDA:0,ButtonGroupSeparator
DA:1,0
DA:2,0
DA:4,0
DA:5,0
DA:7,0
DA:47,0
DA:79,0
DA:80,0
DA:81,0
DA:82,0
LF:10
LH:0
BRDA:42,0,0,0
BRDA:47,1,0,0
BRDA:47,1,1,0
BRDA:62,2,0,0
BRF:4
BRH:0
end_of_record
TN:
SF:components\ui\button.tsx
FN:39,Button
FNF:1
FNH:1
FNDA:57,Button
DA:1,1
DA:2,1
DA:3,1
DA:5,1
DA:7,1
DA:49,57
DA:60,57
LF:7
LH:7
BRDA:43,0,0,57
BRDA:49,1,0,0
BRDA:49,1,1,57
BRF:3
BRH:2
end_of_record
TN:
SF:components\ui\calendar.tsx
FN:14,Calendar
FN:39,(anonymous_7)
FN:128,(anonymous_8)
FN:138,(anonymous_9)
FN:159,(anonymous_10)
FN:175,CalendarDayButton
FN:184,(anonymous_12)
FNF:7
FNH:0
FNDA:0,Calendar
FNDA:0,(anonymous_7)
FNDA:0,(anonymous_8)
FNDA:0,(anonymous_9)
FNDA:0,(anonymous_10)
FNDA:0,CalendarDayButton
FNDA:0,(anonymous_12)
DA:3,0
DA:8,0
DA:9,0
DA:11,0
DA:12,0
DA:26,0
DA:40,0
DA:139,0
DA:145,0
DA:181,0
DA:183,0
DA:184,0
DA:185,0
DA:213,0
LF:14
LH:0
BRDA:17,0,0,0
BRDA:18,1,0,0
BRDA:19,2,0,0
BRDA:82,3,0,0
BRDA:82,3,1,0
BRDA:139,4,0,0
BRDA:139,4,1,0
BRDA:145,5,0,0
BRDA:145,5,1,0
BRDA:185,6,0,0
BRDA:185,6,1,0
BRDA:195,7,0,0
BRDA:195,7,1,0
BRDA:195,7,2,0
BRDA:195,7,3,0
BRF:15
BRH:0
end_of_record
TN:
SF:components\ui\card.tsx
FN:5,Card
FN:18,CardHeader
FN:31,CardTitle
FN:41,CardDescription
FN:51,CardAction
FN:64,CardContent
FN:74,CardFooter
FNF:7
FNH:2
FNDA:69,Card
FNDA:0,CardHeader
FNDA:0,CardTitle
FNDA:0,CardDescription
FNDA:0,CardAction
FNDA:69,CardContent
FNDA:0,CardFooter
DA:1,1
DA:3,1
DA:85,69
DA:86,0
DA:87,0
DA:88,0
DA:89,0
DA:90,0
DA:91,69
LF:9
LH:4
BRF:0
BRH:0
end_of_record
TN:
SF:components\ui\carousel.tsx
FN:35,useCarousel
FN:45,Carousel
FN:64,(anonymous_12)
FN:70,(anonymous_13)
FN:74,(anonymous_14)
FN:79,(anonymous_15)
FN:91,(anonymous_16)
FN:96,(anonymous_17)
FN:102,(anonymous_18)
FN:135,CarouselContent
FN:156,CarouselItem
FN:174,CarouselPrevious
FN:204,CarouselNext
FNF:13
FNH:0
FNDA:0,useCarousel
FNDA:0,Carousel
FNDA:0,(anonymous_12)
FNDA:0,(anonymous_13)
FNDA:0,(anonymous_14)
FNDA:0,(anonymous_15)
FNDA:0,(anonymous_16)
FNDA:0,(anonymous_17)
FNDA:0,(anonymous_18)
FNDA:0,CarouselContent
FNDA:0,CarouselItem
FNDA:0,CarouselPrevious
FNDA:0,CarouselNext
DA:3,0
DA:6,0
DA:7,0
DA:9,0
DA:10,0
DA:33,0
DA:36,0
DA:38,0
DA:39,0
DA:42,0
DA:54,0
DA:61,0
DA:62,0
DA:64,0
DA:65,0
DA:66,0
DA:67,0
DA:70,0
DA:71,0
DA:74,0
DA:75,0
DA:78,0
DA:80,0
DA:81,0
DA:82,0
DA:83,0
DA:84,0
DA:85,0
DA:91,0
DA:92,0
DA:93,0
DA:96,0
DA:97,0
DA:98,0
DA:99,0
DA:100,0
DA:102,0
DA:103,0
DA:136,0
DA:157,0
DA:180,0
DA:210,0
DA:236,0
DA:237,0
DA:238,0
DA:239,0
DA:240,0
LF:47
LH:0
BRDA:38,0,0,0
BRDA:38,0,1,0
BRDA:46,1,0,0
BRDA:57,2,0,0
BRDA:57,2,1,0
BRDA:65,3,0,0
BRDA:65,3,1,0
BRDA:80,4,0,0
BRDA:80,4,1,0
BRDA:83,5,0,0
BRDA:83,5,1,0
BRDA:92,6,0,0
BRDA:92,6,1,0
BRDA:92,7,0,0
BRDA:92,7,1,0
BRDA:97,8,0,0
BRDA:97,8,1,0
BRDA:114,9,0,0
BRDA:114,9,1,0
BRDA:114,10,0,0
BRDA:114,10,1,0
BRDA:147,11,0,0
BRDA:147,11,1,0
BRDA:166,12,0,0
BRDA:166,12,1,0
BRDA:176,13,0,0
BRDA:177,14,0,0
BRDA:189,15,0,0
BRDA:189,15,1,0
BRDA:206,16,0,0
BRDA:207,17,0,0
BRDA:219,18,0,0
BRDA:219,18,1,0
BRF:33
BRH:0
end_of_record
TN:
SF:components\ui\chart.tsx
FN:27,useChart
FN:37,ChartContainer
FN:72,(anonymous_12)
FN:74,(anonymous_13)
FN:86,(anonymous_14)
FN:89,(anonymous_15)
FN:107,ChartTooltipContent
FN:131,(anonymous_17)
FN:182,(anonymous_18)
FN:253,ChartLegendContent
FN:278,(anonymous_20)
FN:308,getPayloadConfigFromPayload
FNF:12
FNH:0
FNDA:0,useChart
FNDA:0,ChartContainer
FNDA:0,(anonymous_12)
FNDA:0,(anonymous_13)
FNDA:0,(anonymous_14)
FNDA:0,(anonymous_15)
FNDA:0,ChartTooltipContent
FNDA:0,(anonymous_17)
FNDA:0,(anonymous_18)
FNDA:0,ChartLegendContent
FNDA:0,(anonymous_20)
FNDA:0,getPayloadConfigFromPayload
DA:3,0
DA:4,0
DA:6,0
DA:9,0
DA:25,0
DA:28,0
DA:30,0
DA:31,0
DA:34,0
DA:49,0
DA:50,0
DA:72,0
DA:73,0
DA:74,0
DA:77,0
DA:78,0
DA:86,0
DA:91,0
DA:93,0
DA:105,0
DA:129,0
DA:131,0
DA:132,0
DA:133,0
DA:136,0
DA:137,0
DA:138,0
DA:140,0
DA:144,0
DA:152,0
DA:153,0
DA:167,0
DA:168,0
DA:171,0
DA:183,0
DA:184,0
DA:185,0
DA:187,0
DA:251,0
DA:264,0
DA:266,0
DA:267,0
DA:279,0
DA:280,0
DA:282,0
DA:313,0
DA:314,0
DA:318,0
DA:324,0
DA:326,0
DA:330,0
DA:331,0
DA:336,0
DA:341,0
DA:347,0
DA:348,0
DA:349,0
DA:350,0
DA:351,0
DA:352,0
LF:60
LH:0
BRDA:30,0,0,0
BRDA:30,0,1,0
BRDA:50,1,0,0
BRDA:50,1,1,0
BRDA:74,2,0,0
BRDA:74,2,1,0
BRDA:77,3,0,0
BRDA:77,3,1,0
BRDA:91,4,0,0
BRDA:91,4,1,0
BRDA:93,5,0,0
BRDA:93,5,1,0
BRDA:111,6,0,0
BRDA:112,7,0,0
BRDA:113,8,0,0
BRDA:132,9,0,0
BRDA:132,9,1,0
BRDA:132,10,0,0
BRDA:132,10,1,0
BRDA:137,11,0,0
BRDA:137,11,1,0
BRDA:137,11,2,0
BRDA:137,11,3,0
BRDA:140,12,0,0
BRDA:140,12,1,0
BRDA:140,13,0,0
BRDA:140,13,1,0
BRDA:141,14,0,0
BRDA:141,14,1,0
BRDA:144,15,0,0
BRDA:144,15,1,0
BRDA:152,16,0,0
BRDA:152,16,1,0
BRDA:167,17,0,0
BRDA:167,17,1,0
BRDA:167,18,0,0
BRDA:167,18,1,0
BRDA:171,19,0,0
BRDA:171,19,1,0
BRDA:180,20,0,0
BRDA:180,20,1,0
BRDA:183,21,0,0
BRDA:183,21,1,0
BRDA:183,21,2,0
BRDA:183,21,3,0
BRDA:185,22,0,0
BRDA:185,22,1,0
BRDA:185,22,2,0
BRDA:192,23,0,0
BRDA:192,23,1,0
BRDA:196,24,0,0
BRDA:195,25,0,0
BRDA:195,25,1,0
BRDA:195,25,2,0
BRDA:200,26,0,0
BRDA:202,27,0,0
BRDA:211,28,0,0
BRDA:211,28,1,0
BRDA:226,29,0,0
BRDA:226,29,1,0
BRDA:230,30,0,0
BRDA:230,30,1,0
BRDA:232,31,0,0
BRDA:232,31,1,0
BRDA:235,32,0,0
BRDA:255,33,0,0
BRDA:257,34,0,0
BRDA:266,35,0,0
BRDA:266,35,1,0
BRDA:274,36,0,0
BRDA:274,36,1,0
BRDA:279,37,0,0
BRDA:279,37,1,0
BRDA:279,37,2,0
BRDA:290,38,0,0
BRDA:289,39,0,0
BRDA:289,39,1,0
BRDA:313,40,0,0
BRDA:313,40,1,0
BRDA:313,41,0,0
BRDA:313,41,1,0
BRDA:318,42,0,0
BRDA:318,42,1,0
BRDA:318,43,0,0
BRDA:318,43,1,0
BRDA:318,43,2,0
BRDA:326,44,0,0
BRDA:326,44,1,0
BRDA:327,45,0,0
BRDA:327,45,1,0
BRDA:331,46,0,0
BRDA:331,46,1,0
BRDA:332,47,0,0
BRDA:332,47,1,0
BRDA:332,47,2,0
BRDA:341,48,0,0
BRDA:341,48,1,0
BRF:97
BRH:0
end_of_record
TN:
SF:components\ui\checkbox.tsx
FN:9,Checkbox
FNF:1
FNH:0
FNDA:0,Checkbox
DA:3,0
DA:4,0
DA:5,0
DA:7,0
DA:32,0
LF:5
LH:0
BRF:0
BRH:0
end_of_record
TN:
SF:components\ui\collapsible.tsx
FN:5,Collapsible
FN:11,CollapsibleTrigger
FN:22,CollapsibleContent
FNF:3
FNH:0
FNDA:0,Collapsible
FNDA:0,CollapsibleTrigger
FNDA:0,CollapsibleContent
DA:3,0
DA:33,0
LF:2
LH:0
BRF:0
BRH:0
end_of_record
TN:
SF:components\ui\command.tsx
FN:16,Command
FN:32,CommandDialog
FN:63,CommandInput
FN:85,CommandList
FN:101,CommandEmpty
FN:113,CommandGroup
FN:129,CommandSeparator
FN:142,CommandItem
FN:158,CommandShortcut
FNF:9
FNH:0
FNDA:0,Command
FNDA:0,CommandDialog
FNDA:0,CommandInput
FNDA:0,CommandList
FNDA:0,CommandEmpty
FNDA:0,CommandGroup
FNDA:0,CommandSeparator
FNDA:0,CommandItem
FNDA:0,CommandShortcut
DA:3,0
DA:4,0
DA:5,0
DA:7,0
DA:14,0
DA:175,0
DA:176,0
DA:177,0
DA:178,0
DA:179,0
DA:180,0
DA:181,0
DA:182,0
DA:183,0
LF:14
LH:0
BRDA:33,0,0,0
BRDA:34,1,0,0
BRDA:37,2,0,0
BRF:3
BRH:0
end_of_record
TN:
SF:components\ui\context-menu.tsx
FN:9,ContextMenu
FN:15,ContextMenuTrigger
FN:23,ContextMenuGroup
FN:31,ContextMenuPortal
FN:39,ContextMenuSub
FN:45,ContextMenuRadioGroup
FN:56,ContextMenuSubTrigger
FN:80,ContextMenuSubContent
FN:96,ContextMenuContent
FN:114,ContextMenuItem
FN:137,ContextMenuCheckboxItem
FN:163,ContextMenuRadioItem
FN:187,ContextMenuLabel
FN:207,ContextMenuSeparator
FN:220,ContextMenuShortcut
FNF:15
FNH:0
FNDA:0,ContextMenu
FNDA:0,ContextMenuTrigger
FNDA:0,ContextMenuGroup
FNDA:0,ContextMenuPortal
FNDA:0,ContextMenuSub
FNDA:0,ContextMenuRadioGroup
FNDA:0,ContextMenuSubTrigger
FNDA:0,ContextMenuSubContent
FNDA:0,ContextMenuContent
FNDA:0,ContextMenuItem
FNDA:0,ContextMenuCheckboxItem
FNDA:0,ContextMenuRadioItem
FNDA:0,ContextMenuLabel
FNDA:0,ContextMenuSeparator
FNDA:0,ContextMenuShortcut
DA:3,0
DA:4,0
DA:5,0
DA:7,0
DA:237,0
DA:238,0
DA:239,0
DA:240,0
DA:241,0
DA:242,0
DA:243,0
DA:244,0
DA:245,0
DA:246,0
DA:247,0
DA:248,0
DA:249,0
DA:250,0
DA:251,0
LF:19
LH:0
BRDA:117,0,0,0
BRF:1
BRH:0
end_of_record
TN:
SF:components\ui\dialog.tsx
FN:9,Dialog
FN:15,DialogTrigger
FN:21,DialogPortal
FN:27,DialogClose
FN:33,DialogOverlay
FN:49,DialogContent
FN:83,DialogHeader
FN:93,DialogFooter
FN:106,DialogTitle
FN:119,DialogDescription
FNF:10
FNH:0
FNDA:0,Dialog
FNDA:0,DialogTrigger
FNDA:0,DialogPortal
FNDA:0,DialogClose
FNDA:0,DialogOverlay
FNDA:0,DialogContent
FNDA:0,DialogHeader
FNDA:0,DialogFooter
FNDA:0,DialogTitle
FNDA:0,DialogDescription
DA:3,0
DA:4,0
DA:5,0
DA:7,0
DA:133,0
DA:134,0
DA:135,0
DA:136,0
DA:137,0
DA:138,0
DA:139,0
DA:140,0
DA:141,0
DA:142,0
LF:14
LH:0
BRDA:52,0,0,0
BRDA:69,1,0,0
BRF:2
BRH:0
end_of_record
TN:
SF:components\ui\drawer.tsx
FN:8,Drawer
FN:14,DrawerTrigger
FN:20,DrawerPortal
FN:26,DrawerClose
FN:32,DrawerOverlay
FN:48,DrawerContent
FN:75,DrawerHeader
FN:88,DrawerFooter
FN:98,DrawerTitle
FN:111,DrawerDescription
FNF:10
FNH:0
FNDA:0,Drawer
FNDA:0,DrawerTrigger
FNDA:0,DrawerPortal
FNDA:0,DrawerClose
FNDA:0,DrawerOverlay
FNDA:0,DrawerContent
FNDA:0,DrawerHeader
FNDA:0,DrawerFooter
FNDA:0,DrawerTitle
FNDA:0,DrawerDescription
DA:3,0
DA:4,0
DA:6,0
DA:125,0
DA:126,0
DA:127,0
DA:128,0
DA:129,0
DA:130,0
DA:131,0
DA:132,0
DA:133,0
DA:134,0
LF:13
LH:0
BRF:0
BRH:0
end_of_record
TN:
SF:components\ui\dropdown-menu.tsx
FN:9,DropdownMenu
FN:15,DropdownMenuPortal
FN:23,DropdownMenuTrigger
FN:34,DropdownMenuContent
FN:54,DropdownMenuGroup
FN:62,DropdownMenuItem
FN:85,DropdownMenuCheckboxItem
FN:111,DropdownMenuRadioGroup
FN:122,DropdownMenuRadioItem
FN:146,DropdownMenuLabel
FN:166,DropdownMenuSeparator
FN:179,DropdownMenuShortcut
FN:195,DropdownMenuSub
FN:201,DropdownMenuSubTrigger
FN:225,DropdownMenuSubContent
FNF:15
FNH:3
FNDA:12,DropdownMenu
FNDA:0,DropdownMenuPortal
FNDA:12,DropdownMenuTrigger
FNDA:12,DropdownMenuContent
FNDA:0,DropdownMenuGroup
FNDA:0,DropdownMenuItem
FNDA:0,DropdownMenuCheckboxItem
FNDA:0,DropdownMenuRadioGroup
FNDA:0,DropdownMenuRadioItem
FNDA:0,DropdownMenuLabel
FNDA:0,DropdownMenuSeparator
FNDA:0,DropdownMenuShortcut
FNDA:0,DropdownMenuSub
FNDA:0,DropdownMenuSubTrigger
FNDA:0,DropdownMenuSubContent
DA:3,1
DA:4,1
DA:5,1
DA:7,1
DA:242,12
DA:243,0
DA:244,12
DA:245,12
DA:246,0
DA:247,12
DA:248,24
DA:249,0
DA:250,0
DA:251,0
DA:252,24
DA:253,0
DA:254,0
DA:255,0
DA:256,0
LF:19
LH:10
BRDA:36,0,0,12
BRDA:65,1,0,0
BRF:2
BRH:1
end_of_record
TN:
SF:components\ui\empty.tsx
FN:5,Empty
FN:18,EmptyHeader
FN:46,EmptyMedia
FN:61,EmptyTitle
FN:71,EmptyDescription
FN:84,EmptyContent
FNF:6
FNH:0
FNDA:0,Empty
FNDA:0,EmptyHeader
FNDA:0,EmptyMedia
FNDA:0,EmptyTitle
FNDA:0,EmptyDescription
FNDA:0,EmptyContent
DA:1,0
DA:3,0
DA:31,0
DA:98,0
DA:99,0
DA:100,0
DA:101,0
DA:102,0
DA:103,0
LF:9
LH:0
BRDA:48,0,0,0
BRF:1
BRH:0
end_of_record
TN:
SF:components\ui\field.tsx
FN:10,FieldSet
FN:24,FieldLegend
FN:44,FieldGroup
FN:81,Field
FN:97,FieldContent
FN:110,FieldLabel
FN:128,FieldTitle
FN:141,FieldDescription
FN:156,FieldSeparator
FN:186,FieldError
FN:194,(anonymous_21)
FN:210,(anonymous_22)
FNF:12
FNH:0
FNDA:0,FieldSet
FNDA:0,FieldLegend
FNDA:0,FieldGroup
FNDA:0,Field
FNDA:0,FieldContent
FNDA:0,FieldLabel
FNDA:0,FieldTitle
FNDA:0,FieldDescription
FNDA:0,FieldSeparator
FNDA:0,FieldError
FNDA:0,(anonymous_21)
FNDA:0,(anonymous_22)
DA:3,0
DA:4,0
DA:6,0
DA:7,0
DA:8,0
DA:57,0
DA:194,0
DA:195,0
DA:196,0
DA:199,0
DA:200,0
DA:203,0
DA:204,0
DA:211,0
DA:217,0
DA:218,0
DA:234,0
DA:235,0
DA:236,0
DA:237,0
DA:238,0
DA:239,0
DA:240,0
DA:241,0
DA:242,0
DA:243,0
LF:26
LH:0
BRDA:26,0,0,0
BRDA:83,1,0,0
BRDA:174,2,0,0
BRDA:195,3,0,0
BRDA:195,3,1,0
BRDA:199,4,0,0
BRDA:199,4,1,0
BRDA:203,5,0,0
BRDA:203,5,1,0
BRDA:203,6,0,0
BRDA:203,6,1,0
BRDA:211,7,0,0
BRDA:211,7,1,0
BRDA:217,8,0,0
BRDA:217,8,1,0
BRF:15
BRH:0
end_of_record
TN:
SF:components\ui\form.tsx
FN:32,(anonymous_12)
FN:45,(anonymous_13)
FN:76,FormItem
FN:90,FormLabel
FN:107,FormControl
FN:125,FormDescription
FN:138,FormMessage
FNF:7
FNH:0
FNDA:0,(anonymous_12)
FNDA:0,(anonymous_13)
FNDA:0,FormItem
FNDA:0,FormLabel
FNDA:0,FormControl
FNDA:0,FormDescription
FNDA:0,FormMessage
DA:3,0
DA:5,0
DA:14,0
DA:16,0
DA:17,0
DA:19,0
DA:28,0
DA:32,0
DA:45,0
DA:46,0
DA:47,0
DA:48,0
DA:49,0
DA:50,0
DA:52,0
DA:53,0
DA:56,0
DA:58,0
DA:72,0
DA:77,0
DA:94,0
DA:108,0
DA:126,0
DA:139,0
DA:140,0
DA:142,0
DA:143,0
DA:159,0
DA:160,0
DA:161,0
DA:162,0
DA:163,0
DA:164,0
DA:165,0
DA:166,0
LF:35
LH:0
BRDA:52,0,0,0
BRDA:52,0,1,0
BRDA:115,1,0,0
BRDA:115,1,1,0
BRDA:140,2,0,0
BRDA:140,2,1,0
BRDA:140,3,0,0
BRDA:140,3,1,0
BRDA:142,4,0,0
BRDA:142,4,1,0
BRF:10
BRH:0
end_of_record
TN:
SF:components\ui\hover-card.tsx
FN:8,HoverCard
FN:14,HoverCardTrigger
FN:22,HoverCardContent
FNF:3
FNH:0
FNDA:0,HoverCard
FNDA:0,HoverCardTrigger
FNDA:0,HoverCardContent
DA:3,0
DA:4,0
DA:6,0
DA:44,0
LF:4
LH:0
BRDA:24,0,0,0
BRDA:25,1,0,0
BRF:2
BRH:0
end_of_record
TN:
SF:components\ui\input-group.tsx
FN:10,InputGroup
FN:59,InputGroupAddon
FN:70,(anonymous_9)
FN:99,InputGroupButton
FN:118,InputGroupText
FN:130,InputGroupInput
FN:146,InputGroupTextarea
FNF:7
FNH:0
FNDA:0,InputGroup
FNDA:0,InputGroupAddon
FNDA:0,(anonymous_9)
FNDA:0,InputGroupButton
FNDA:0,InputGroupText
FNDA:0,InputGroupInput
FNDA:0,InputGroupTextarea
DA:3,0
DA:5,0
DA:6,0
DA:7,0
DA:8,0
DA:38,0
DA:71,0
DA:72,0
DA:74,0
DA:81,0
DA:163,0
DA:164,0
DA:165,0
DA:166,0
DA:167,0
DA:168,0
LF:16
LH:0
BRDA:61,0,0,0
BRDA:71,1,0,0
BRDA:71,1,1,0
BRDA:101,2,0,0
BRDA:102,3,0,0
BRDA:103,4,0,0
BRF:6
BRH:0
end_of_record
TN:
SF:components\ui\input-otp.tsx
FN:9,InputOTP
FN:29,InputOTPGroup
FN:39,InputOTPSlot
FN:69,InputOTPSeparator
FNF:4
FNH:0
FNDA:0,InputOTP
FNDA:0,InputOTPGroup
FNDA:0,InputOTPSlot
FNDA:0,InputOTPSeparator
DA:3,0
DA:4,0
DA:5,0
DA:7,0
DA:46,0
DA:47,0
DA:77,0
LF:7
LH:0
BRDA:47,0,0,0
BRDA:47,0,1,0
BRDA:60,1,0,0
BRF:3
BRH:0
end_of_record
TN:
SF:components\ui\input.tsx
FN:5,Input
FNF:1
FNH:0
FNDA:0,Input
DA:1,0
DA:3,0
DA:21,0
LF:3
LH:0
BRF:0
BRH:0
end_of_record
TN:
SF:components\ui\item.tsx
FN:8,ItemGroup
FN:19,ItemSeparator
FN:54,Item
FN:91,ItemMedia
FN:106,ItemContent
FN:119,ItemTitle
FN:132,ItemDescription
FN:146,ItemActions
FN:156,ItemHeader
FN:169,ItemFooter
FNF:10
FNH:0
FNDA:0,ItemGroup
FNDA:0,ItemSeparator
FNDA:0,Item
FNDA:0,ItemMedia
FNDA:0,ItemContent
FNDA:0,ItemTitle
FNDA:0,ItemDescription
FNDA:0,ItemActions
FNDA:0,ItemHeader
FNDA:0,ItemFooter
DA:1,0
DA:2,0
DA:3,0
DA:5,0
DA:6,0
DA:33,0
DA:62,0
DA:74,0
DA:183,0
DA:184,0
DA:185,0
DA:186,0
DA:187,0
DA:188,0
DA:189,0
DA:190,0
DA:191,0
DA:192,0
LF:18
LH:0
BRDA:56,0,0,0
BRDA:57,1,0,0
BRDA:58,2,0,0
BRDA:62,3,0,0
BRDA:62,3,1,0
BRDA:93,4,0,0
BRF:6
BRH:0
end_of_record
TN:
SF:components\ui\kbd.tsx
FN:3,Kbd
FN:18,KbdGroup
FNF:2
FNH:0
FNDA:0,Kbd
FNDA:0,KbdGroup
DA:1,0
DA:28,0
LF:2
LH:0
BRF:0
BRH:0
end_of_record
TN:
SF:components\ui\label.tsx
FN:8,Label
FNF:1
FNH:0
FNDA:0,Label
DA:3,0
DA:4,0
DA:6,0
DA:24,0
LF:4
LH:0
BRF:0
BRH:0
end_of_record
TN:
SF:components\ui\menubar.tsx
FN:9,Menubar
FN:25,MenubarMenu
FN:31,MenubarGroup
FN:37,MenubarPortal
FN:43,MenubarRadioGroup
FN:51,MenubarTrigger
FN:67,MenubarContent
FN:91,MenubarItem
FN:114,MenubarCheckboxItem
FN:140,MenubarRadioItem
FN:164,MenubarLabel
FN:184,MenubarSeparator
FN:197,MenubarShortcut
FN:213,MenubarSub
FN:219,MenubarSubTrigger
FN:243,MenubarSubContent
FNF:16
FNH:0
FNDA:0,Menubar
FNDA:0,MenubarMenu
FNDA:0,MenubarGroup
FNDA:0,MenubarPortal
FNDA:0,MenubarRadioGroup
FNDA:0,MenubarTrigger
FNDA:0,MenubarContent
FNDA:0,MenubarItem
FNDA:0,MenubarCheckboxItem
FNDA:0,MenubarRadioItem
FNDA:0,MenubarLabel
FNDA:0,MenubarSeparator
FNDA:0,MenubarShortcut
FNDA:0,MenubarSub
FNDA:0,MenubarSubTrigger
FNDA:0,MenubarSubContent
DA:3,0
DA:4,0
DA:5,0
DA:7,0
DA:260,0
DA:261,0
DA:262,0
DA:263,0
DA:264,0
DA:265,0
DA:266,0
DA:267,0
DA:268,0
DA:269,0
DA:270,0
DA:271,0
DA:272,0
DA:273,0
DA:274,0
DA:275,0
LF:20
LH:0
BRDA:69,0,0,0
BRDA:70,1,0,0
BRDA:71,2,0,0
BRDA:94,3,0,0
BRF:4
BRH:0
end_of_record
TN:
SF:components\ui\navigation-menu.tsx
FN:8,NavigationMenu
FN:32,NavigationMenuList
FN:48,NavigationMenuItem
FN:65,NavigationMenuTrigger
FN:85,NavigationMenuContent
FN:102,NavigationMenuViewport
FN:122,NavigationMenuLink
FN:138,NavigationMenuIndicator
FNF:8
FNH:0
FNDA:0,NavigationMenu
FNDA:0,NavigationMenuList
FNDA:0,NavigationMenuItem
FNDA:0,NavigationMenuTrigger
FNDA:0,NavigationMenuContent
FNDA:0,NavigationMenuViewport
FNDA:0,NavigationMenuLink
FNDA:0,NavigationMenuIndicator
DA:1,0
DA:2,0
DA:3,0
DA:4,0
DA:6,0
DA:61,0
DA:157,0
DA:158,0
DA:159,0
DA:160,0
DA:161,0
DA:162,0
DA:163,0
DA:164,0
DA:165,0
LF:15
LH:0
BRDA:11,0,0,0
BRDA:27,1,0,0
BRDA:27,1,1,0
BRF:3
BRH:0
end_of_record
TN:
SF:components\ui\pagination.tsx
FN:11,Pagination
FN:23,PaginationContent
FN:36,PaginationItem
FN:45,PaginationLink
FN:68,PaginationPrevious
FN:85,PaginationNext
FN:102,PaginationEllipsis
FNF:7
FNH:0
FNDA:0,Pagination
FNDA:0,PaginationContent
FNDA:0,PaginationItem
FNDA:0,PaginationLink
FNDA:0,PaginationPrevious
FNDA:0,PaginationNext
FNDA:0,PaginationEllipsis
DA:1,0
DA:6,0
DA:8,0
DA:9,0
DA:120,0
DA:121,0
DA:122,0
DA:123,0
DA:124,0
DA:125,0
DA:126,0
LF:11
LH:0
BRDA:48,0,0,0
BRDA:53,1,0,0
BRDA:53,1,1,0
BRDA:58,2,0,0
BRDA:58,2,1,0
BRF:5
BRH:0
end_of_record
TN:
SF:components\ui\popover.tsx
FN:8,Popover
FN:14,PopoverTrigger
FN:20,PopoverContent
FN:42,PopoverAnchor
FNF:4
FNH:0
FNDA:0,Popover
FNDA:0,PopoverTrigger
FNDA:0,PopoverContent
FNDA:0,PopoverAnchor
DA:3,0
DA:4,0
DA:6,0
DA:48,0
LF:4
LH:0
BRDA:22,0,0,0
BRDA:23,1,0,0
BRF:2
BRH:0
end_of_record
TN:
SF:components\ui\progress.tsx
FN:8,Progress
FNF:1
FNH:0
FNDA:0,Progress
DA:3,0
DA:4,0
DA:6,0
DA:31,0
LF:4
LH:0
BRDA:25,0,0,0
BRDA:25,0,1,0
BRF:2
BRH:0
end_of_record
TN:
SF:components\ui\radio-group.tsx
FN:9,RadioGroup
FN:22,RadioGroupItem
FNF:2
FNH:0
FNDA:0,RadioGroup
FNDA:0,RadioGroupItem
DA:3,0
DA:4,0
DA:5,0
DA:7,0
DA:45,0
LF:5
LH:0
BRF:0
BRH:0
end_of_record
TN:
SF:components\ui\resizable.tsx
FN:9,ResizablePanelGroup
FN:25,ResizablePanel
FN:31,ResizableHandle
FNF:3
FNH:0
FNDA:0,ResizablePanelGroup
FNDA:0,ResizablePanel
FNDA:0,ResizableHandle
DA:3,0
DA:4,0
DA:5,0
DA:7,0
DA:56,0
LF:5
LH:0
BRDA:47,0,0,0
BRF:1
BRH:0
end_of_record
TN:
SF:components\ui\scroll-area.tsx
FN:8,ScrollArea
FN:31,ScrollBar
FNF:2
FNH:0
FNDA:0,ScrollArea
FNDA:0,ScrollBar
DA:3,0
DA:4,0
DA:6,0
DA:58,0
LF:4
LH:0
BRDA:33,0,0,0
BRDA:42,1,0,0
BRDA:42,1,1,0
BRDA:44,2,0,0
BRDA:44,2,1,0
BRF:5
BRH:0
end_of_record
TN:
SF:components\ui\select.tsx
FN:9,Select
FN:15,SelectGroup
FN:21,SelectValue
FN:27,SelectTrigger
FN:53,SelectContent
FN:88,SelectLabel
FN:101,SelectItem
FN:125,SelectSeparator
FN:138,SelectScrollUpButton
FN:156,SelectScrollDownButton
FNF:10
FNH:0
FNDA:0,Select
FNDA:0,SelectGroup
FNDA:0,SelectValue
FNDA:0,SelectTrigger
FNDA:0,SelectContent
FNDA:0,SelectLabel
FNDA:0,SelectItem
FNDA:0,SelectSeparator
FNDA:0,SelectScrollUpButton
FNDA:0,SelectScrollDownButton
DA:3,0
DA:4,0
DA:5,0
DA:7,0
DA:175,0
DA:176,0
DA:177,0
DA:178,0
DA:179,0
DA:180,0
DA:181,0
DA:182,0
DA:183,0
DA:184,0
LF:14
LH:0
BRDA:29,0,0,0
BRDA:56,1,0,0
BRDA:65,2,0,0
BRDA:65,2,1,0
BRDA:76,3,0,0
BRDA:76,3,1,0
BRF:6
BRH:0
end_of_record
TN:
SF:components\ui\separator.tsx
FN:8,Separator
FNF:1
FNH:0
FNDA:0,Separator
DA:3,0
DA:4,0
DA:6,0
DA:28,0
LF:4
LH:0
BRDA:10,0,0,0
BRDA:11,1,0,0
BRF:2
BRH:0
end_of_record
TN:
SF:components\ui\sheet.tsx
FN:9,Sheet
FN:13,SheetTrigger
FN:19,SheetClose
FN:25,SheetPortal
FN:31,SheetOverlay
FN:47,SheetContent
FN:84,SheetHeader
FN:94,SheetFooter
FN:104,SheetTitle
FN:117,SheetDescription
FNF:10
FNH:0
FNDA:0,Sheet
FNDA:0,SheetTrigger
FNDA:0,SheetClose
FNDA:0,SheetPortal
FNDA:0,SheetOverlay
FNDA:0,SheetContent
FNDA:0,SheetHeader
FNDA:0,SheetFooter
FNDA:0,SheetTitle
FNDA:0,SheetDescription
DA:3,0
DA:4,0
DA:5,0
DA:7,0
DA:131,0
DA:132,0
DA:133,0
DA:134,0
DA:135,0
DA:136,0
DA:137,0
DA:138,0
LF:12
LH:0
BRDA:50,0,0,0
BRDA:62,1,0,0
BRDA:62,1,1,0
BRDA:64,2,0,0
BRDA:64,2,1,0
BRDA:66,3,0,0
BRDA:66,3,1,0
BRDA:68,4,0,0
BRDA:68,4,1,0
BRF:9
BRH:0
end_of_record
TN:
SF:components\ui\sidebar.tsx
FN:47,useSidebar
FN:56,SidebarProvider
FN:77,(anonymous_30)
FN:92,(anonymous_31)
FN:93,(anonymous_32)
FN:93,(anonymous_33)
FN:97,(anonymous_34)
FN:98,(anonymous_35)
FN:109,(anonymous_36)
FN:117,(anonymous_37)
FN:154,Sidebar
FN:256,SidebarTrigger
FN:270,(anonymous_40)
FN:282,SidebarRail
FN:307,SidebarInset
FN:321,SidebarInput
FN:335,SidebarHeader
FN:346,SidebarFooter
FN:357,SidebarSeparator
FN:371,SidebarContent
FN:385,SidebarGroup
FN:396,SidebarGroupLabel
FN:417,SidebarGroupAction
FN:440,SidebarGroupContent
FN:454,SidebarMenu
FN:465,SidebarMenuItem
FN:498,SidebarMenuButton
FN:548,SidebarMenuAction
FN:580,SidebarMenuBadge
FN:602,SidebarMenuSkeleton
FN:610,(anonymous_58)
FN:640,SidebarMenuSub
FN:655,SidebarMenuSubItem
FN:669,SidebarMenuSubButton
FNF:34
FNH:0
FNDA:0,useSidebar
FNDA:0,SidebarProvider
FNDA:0,(anonymous_30)
FNDA:0,(anonymous_31)
FNDA:0,(anonymous_32)
FNDA:0,(anonymous_33)
FNDA:0,(anonymous_34)
FNDA:0,(anonymous_35)
FNDA:0,(anonymous_36)
FNDA:0,(anonymous_37)
FNDA:0,Sidebar
FNDA:0,SidebarTrigger
FNDA:0,(anonymous_40)
FNDA:0,SidebarRail
FNDA:0,SidebarInset
FNDA:0,SidebarInput
FNDA:0,SidebarHeader
FNDA:0,SidebarFooter
FNDA:0,SidebarSeparator
FNDA:0,SidebarContent
FNDA:0,SidebarGroup
FNDA:0,SidebarGroupLabel
FNDA:0,SidebarGroupAction
FNDA:0,SidebarGroupContent
FNDA:0,SidebarMenu
FNDA:0,SidebarMenuItem
FNDA:0,SidebarMenuButton
FNDA:0,SidebarMenuAction
FNDA:0,SidebarMenuBadge
FNDA:0,SidebarMenuSkeleton
FNDA:0,(anonymous_58)
FNDA:0,SidebarMenuSub
FNDA:0,SidebarMenuSubItem
FNDA:0,SidebarMenuSubButton
DA:3,0
DA:4,0
DA:5,0
DA:6,0
DA:8,0
DA:9,0
DA:10,0
DA:11,0
DA:12,0
DA:19,0
DA:20,0
DA:26,0
DA:28,0
DA:29,0
DA:30,0
DA:31,0
DA:32,0
DA:33,0
DA:45,0
DA:48,0
DA:49,0
DA:50,0
DA:53,0
DA:69,0
DA:70,0
DA:74,0
DA:75,0
DA:76,0
DA:78,0
DA:79,0
DA:80,0
DA:82,0
DA:86,0
DA:92,0
DA:93,0
DA:97,0
DA:98,0
DA:99,0
DA:103,0
DA:104,0
DA:108,0
DA:109,0
DA:114,0
DA:116,0
DA:117,0
DA:166,0
DA:168,0
DA:183,0
DA:261,0
DA:271,0
DA:272,0
DA:283,0
DA:401,0
DA:422,0
DA:476,0
DA:511,0
DA:512,0
DA:525,0
DA:526,0
DA:529,0
DA:530,0
DA:557,0
DA:610,0
DA:611,0
DA:680,0
DA:702,0
DA:703,0
DA:704,0
DA:705,0
DA:706,0
DA:707,0
DA:708,0
DA:709,0
DA:710,0
DA:711,0
DA:712,0
DA:713,0
DA:714,0
DA:715,0
DA:716,0
DA:717,0
DA:718,0
DA:719,0
DA:720,0
DA:721,0
DA:722,0
DA:723,0
DA:724,0
DA:725,0
LF:89
LH:0
BRDA:49,0,0,0
BRDA:49,0,1,0
BRDA:57,1,0,0
BRDA:75,2,0,0
BRDA:75,2,1,0
BRDA:78,3,0,0
BRDA:78,3,1,0
BRDA:79,4,0,0
BRDA:79,4,1,0
BRDA:93,5,0,0
BRDA:93,5,1,0
BRDA:99,6,0,0
BRDA:99,6,1,0
BRDA:100,7,0,0
BRDA:100,7,1,0
BRDA:100,7,2,0
BRDA:114,8,0,0
BRDA:114,8,1,0
BRDA:155,9,0,0
BRDA:156,10,0,0
BRDA:157,11,0,0
BRDA:168,12,0,0
BRDA:168,12,1,0
BRDA:183,13,0,0
BRDA:183,13,1,0
BRDA:212,14,0,0
BRDA:212,14,1,0
BRDA:224,15,0,0
BRDA:224,15,1,0
BRDA:224,16,0,0
BRDA:224,16,1,0
BRDA:233,17,0,0
BRDA:233,17,1,0
BRDA:237,18,0,0
BRDA:237,18,1,0
BRDA:237,19,0,0
BRDA:237,19,1,0
BRDA:398,20,0,0
BRDA:401,21,0,0
BRDA:401,21,1,0
BRDA:419,22,0,0
BRDA:422,23,0,0
BRDA:422,23,1,0
BRDA:499,24,0,0
BRDA:500,25,0,0
BRDA:501,26,0,0
BRDA:502,27,0,0
BRDA:511,28,0,0
BRDA:511,28,1,0
BRDA:525,29,0,0
BRDA:525,29,1,0
BRDA:529,30,0,0
BRDA:529,30,1,0
BRDA:541,31,0,0
BRDA:541,31,1,0
BRDA:550,32,0,0
BRDA:551,33,0,0
BRDA:557,34,0,0
BRDA:557,34,1,0
BRDA:571,35,0,0
BRDA:571,35,1,0
BRDA:604,36,0,0
BRDA:621,37,0,0
BRDA:670,38,0,0
BRDA:671,39,0,0
BRDA:672,40,0,0
BRDA:680,41,0,0
BRDA:680,41,1,0
BRDA:691,42,0,0
BRDA:691,42,1,0
BRDA:692,43,0,0
BRDA:692,43,1,0
BRF:72
BRH:0
end_of_record
TN:
SF:components\ui\skeleton.tsx
FN:3,Skeleton
FNF:1
FNH:0
FNDA:0,Skeleton
DA:1,0
DA:13,0
LF:2
LH:0
BRF:0
BRH:0
end_of_record
TN:
SF:components\ui\slider.tsx
FN:8,Slider
FN:17,(anonymous_5)
FN:52,(anonymous_6)
FNF:3
FNH:0
FNDA:0,Slider
FNDA:0,(anonymous_5)
FNDA:0,(anonymous_6)
DA:3,0
DA:4,0
DA:6,0
DA:16,0
DA:18,0
DA:53,0
DA:63,0
LF:7
LH:0
BRDA:12,0,0,0
BRDA:13,1,0,0
BRDA:18,2,0,0
BRDA:18,2,1,0
BRDA:20,3,0,0
BRDA:20,3,1,0
BRF:6
BRH:0
end_of_record
TN:
SF:components\ui\sonner.tsx
FN:6,(anonymous_1)
FNF:1
FNH:0
FNDA:0,(anonymous_1)
DA:3,0
DA:4,0
DA:6,0
DA:7,0
DA:25,0
LF:5
LH:0
BRDA:7,0,0,0
BRF:1
BRH:0
end_of_record
TN:
SF:components\ui\spinner.tsx
FN:5,Spinner
FNF:1
FNH:0
FNDA:0,Spinner
DA:1,0
DA:3,0
DA:16,0
LF:3
LH:0
BRF:0
BRH:0
end_of_record
TN:
SF:components\ui\switch.tsx
FN:8,Switch
FNF:1
FNH:0
FNDA:0,Switch
DA:3,0
DA:4,0
DA:6,0
DA:31,0
LF:4
LH:0
BRF:0
BRH:0
end_of_record
TN:
SF:components\ui\table.tsx
FN:7,Table
FN:22,TableHeader
FN:32,TableBody
FN:42,TableFooter
FN:55,TableRow
FN:68,TableHead
FN:81,TableCell
FN:94,TableCaption
FNF:8
FNH:0
FNDA:0,Table
FNDA:0,TableHeader
FNDA:0,TableBody
FNDA:0,TableFooter
FNDA:0,TableRow
FNDA:0,TableHead
FNDA:0,TableCell
FNDA:0,TableCaption
DA:3,0
DA:5,0
DA:108,0
DA:109,0
DA:110,0
DA:111,0
DA:112,0
DA:113,0
DA:114,0
DA:115,0
LF:10
LH:0
BRF:0
BRH:0
end_of_record
TN:
SF:components\ui\tabs.tsx
FN:8,Tabs
FN:21,TabsList
FN:37,TabsTrigger
FN:53,TabsContent
FNF:4
FNH:0
FNDA:0,Tabs
FNDA:0,TabsList
FNDA:0,TabsTrigger
FNDA:0,TabsContent
DA:3,0
DA:4,0
DA:6,0
DA:66,0
LF:4
LH:0
BRF:0
BRH:0
end_of_record
TN:
SF:components\ui\textarea.tsx
FN:5,Textarea
FNF:1
FNH:0
FNDA:0,Textarea
DA:1,0
DA:3,0
DA:18,0
LF:3
LH:0
BRF:0
BRH:0
end_of_record
TN:
SF:components\ui\toast.tsx
FN:47,(anonymous_12)
FNF:1
FNH:0
FNDA:0,(anonymous_12)
DA:3,0
DA:4,0
DA:5,0
DA:6,0
DA:8,0
DA:10,0
DA:25,0
DA:27,0
DA:43,0
DA:56,0
DA:71,0
DA:89,0
DA:101,0
DA:113,0
DA:122,0
DA:123,0
DA:124,0
DA:125,0
DA:126,0
DA:127,0
DA:128,0
LF:21
LH:0
BRF:0
BRH:0
end_of_record
TN:
SF:components\ui\toaster.tsx
FN:13,Toaster
FN:18,(anonymous_2)
FNF:2
FNH:0
FNDA:0,Toaster
FNDA:0,(anonymous_2)
DA:3,0
DA:11,0
DA:13,0
DA:14,0
DA:19,0
LF:5
LH:0
BRDA:22,0,0,0
BRDA:23,1,0,0
BRF:2
BRH:0
end_of_record
TN:
SF:components\ui\toggle-group.tsx
FN:17,ToggleGroup
FN:43,ToggleGroupItem
FNF:2
FNH:0
FNDA:0,ToggleGroup
FNDA:0,ToggleGroupItem
DA:3,0
DA:4,0
DA:7,0
DA:8,0
DA:10,0
DA:51,0
DA:73,0
LF:7
LH:0
BRDA:56,0,0,0
BRDA:56,0,1,0
BRDA:57,1,0,0
BRDA:57,1,1,0
BRDA:60,2,0,0
BRDA:60,2,1,0
BRDA:61,3,0,0
BRDA:61,3,1,0
BRF:8
BRH:0
end_of_record
TN:
SF:components\ui\toggle.tsx
FN:31,Toggle
FNF:1
FNH:0
FNDA:0,Toggle
DA:3,0
DA:4,0
DA:5,0
DA:7,0
DA:9,0
DA:47,0
LF:6
LH:0
BRF:0
BRH:0
end_of_record
TN:
SF:components\ui\tooltip.tsx
FN:8,TooltipProvider
FN:21,Tooltip
FN:31,TooltipTrigger
FN:37,TooltipContent
FNF:4
FNH:0
FNDA:0,TooltipProvider
FNDA:0,Tooltip
FNDA:0,TooltipTrigger
FNDA:0,TooltipContent
DA:3,0
DA:4,0
DA:6,0
DA:61,0
LF:4
LH:0
BRDA:9,0,0,0
BRDA:39,1,0,0
BRF:2
BRH:0
end_of_record
TN:
SF:components\ui\use-mobile.tsx
FN:5,useIsMobile
FN:8,(anonymous_5)
FN:10,(anonymous_6)
FN:15,(anonymous_7)
FNF:4
FNH:0
FNDA:0,useIsMobile
FNDA:0,(anonymous_5)
FNDA:0,(anonymous_6)
FNDA:0,(anonymous_7)
DA:1,0
DA:3,0
DA:5,0
DA:6,0
DA:8,0
DA:9,0
DA:10,0
DA:11,0
DA:13,0
DA:14,0
DA:15,0
DA:18,0
LF:12
LH:0
BRF:0
BRH:0
end_of_record
TN:
SF:components\ui\use-toast.ts
FN:27,genId
FN:58,(anonymous_8)
FN:63,(anonymous_9)
FN:74,(anonymous_10)
FN:85,(anonymous_11)
FN:98,(anonymous_12)
FN:105,(anonymous_13)
FN:124,(anonymous_14)
FN:133,dispatch
FN:135,(anonymous_16)
FN:142,toast
FN:145,(anonymous_18)
FN:150,(anonymous_19)
FN:158,(anonymous_20)
FN:171,useToast
FN:174,(anonymous_22)
FN:176,(anonymous_23)
FN:187,(anonymous_24)
FNF:18
FNH:0
FNDA:0,genId
FNDA:0,(anonymous_8)
FNDA:0,(anonymous_9)
FNDA:0,(anonymous_10)
FNDA:0,(anonymous_11)
FNDA:0,(anonymous_12)
FNDA:0,(anonymous_13)
FNDA:0,(anonymous_14)
FNDA:0,dispatch
FNDA:0,(anonymous_16)
FNDA:0,toast
FNDA:0,(anonymous_18)
FNDA:0,(anonymous_19)
FNDA:0,(anonymous_20)
FNDA:0,useToast
FNDA:0,(anonymous_22)
FNDA:0,(anonymous_23)
FNDA:0,(anonymous_24)
DA:4,0
DA:8,0
DA:9,0
DA:18,0
DA:25,0
DA:28,0
DA:29,0
DA:56,0
DA:58,0
DA:59,0
DA:60,0
DA:63,0
DA:64,0
DA:65,0
DA:71,0
DA:74,0
DA:75,0
DA:77,0
DA:83,0
DA:86,0
DA:91,0
DA:95,0
DA:96,0
DA:98,0
DA:99,0
DA:103,0
DA:106,0
DA:116,0
DA:117,0
DA:122,0
DA:124,0
DA:129,0
DA:131,0
DA:134,0
DA:135,0
DA:136,0
DA:143,0
DA:145,0
DA:146,0
DA:150,0
DA:152,0
DA:159,0
DA:164,0
DA:172,0
DA:174,0
DA:175,0
DA:176,0
DA:177,0
DA:178,0
DA:179,0
DA:184,0
DA:187,0
DA:191,0
LF:53
LH:0
BRDA:59,0,0,0
BRDA:59,0,1,0
BRDA:75,1,0,0
BRDA:75,1,1,0
BRDA:75,1,2,0
BRDA:75,1,3,0
BRDA:86,2,0,0
BRDA:86,2,1,0
BRDA:95,3,0,0
BRDA:95,3,1,0
BRDA:106,4,0,0
BRDA:106,4,1,0
BRDA:106,5,0,0
BRDA:106,5,1,0
BRDA:116,6,0,0
BRDA:116,6,1,0
BRDA:159,7,0,0
BRDA:159,7,1,0
BRDA:178,8,0,0
BRDA:178,8,1,0
BRF:20
BRH:0
end_of_record
TN:
SF:contexts\auth-context.tsx
FN:19,(anonymous_3)
FN:20,(anonymous_4)
FN:24,(anonymous_5)
FN:32,AuthProvider
FN:38,(anonymous_7)
FN:40,(anonymous_8)
FN:49,(anonymous_9)
FN:55,(anonymous_10)
FN:58,(anonymous_11)
FN:73,(anonymous_12)
FNF:10
FNH:8
FNDA:0,(anonymous_3)
FNDA:0,(anonymous_4)
FNDA:91,(anonymous_5)
FNDA:66,AuthProvider
FNDA:36,(anonymous_7)
FNDA:36,(anonymous_8)
FNDA:3,(anonymous_9)
FNDA:36,(anonymous_10)
FNDA:19,(anonymous_11)
FNDA:2,(anonymous_12)
DA:3,5
DA:5,5
DA:6,5
DA:16,5
DA:24,94
DA:25,91
DA:26,91
DA:27,0
DA:29,91
DA:32,39
DA:33,66
DA:34,66
DA:35,66
DA:36,66
DA:38,66
DA:40,36
DA:41,36
DA:42,36
DA:43,36
DA:49,36
DA:50,3
DA:51,3
DA:52,3
DA:55,36
DA:58,66
DA:59,19
DA:60,19
DA:66,17
DA:68,4
DA:69,4
DA:73,66
DA:74,2
DA:75,2
DA:76,2
DA:77,1
DA:79,1
DA:80,1
DA:84,66
LF:38
LH:37
BRDA:26,0,0,0
BRDA:26,0,1,91
BRDA:42,1,0,36
BRDA:42,1,1,33
BRDA:51,2,0,3
BRDA:51,2,1,1
BRDA:66,3,0,2
BRDA:66,3,1,15
BRDA:76,4,0,1
BRDA:76,4,1,1
BRF:10
BRH:9
end_of_record
TN:
SF:hooks\use-cart.ts
FN:16,useCart
FN:21,(anonymous_2)
FN:59,(anonymous_3)
FN:88,(anonymous_4)
FN:116,(anonymous_5)
FN:117,(anonymous_6)
FNF:6
FNH:0
FNDA:0,useCart
FNDA:0,(anonymous_2)
FNDA:0,(anonymous_3)
FNDA:0,(anonymous_4)
FNDA:0,(anonymous_5)
FNDA:0,(anonymous_6)
DA:1,2
DA:16,2
DA:17,0
DA:18,0
DA:19,0
DA:21,0
DA:22,0
DA:23,0
DA:25,0
DA:26,0
DA:38,0
DA:39,0
DA:40,0
DA:43,0
DA:48,0
DA:50,0
DA:51,0
DA:52,0
DA:53,0
DA:55,0
DA:59,0
DA:60,0
DA:61,0
DA:63,0
DA:64,0
DA:71,0
DA:72,0
DA:75,0
DA:76,0
DA:77,0
DA:79,0
DA:80,0
DA:81,0
DA:82,0
DA:84,0
DA:88,0
DA:89,0
DA:90,0
DA:92,0
DA:93,0
DA:100,0
DA:101,0
DA:105,0
DA:107,0
DA:108,0
DA:109,0
DA:110,0
DA:112,0
DA:116,0
DA:117,0
DA:120,0
LF:51
LH:2
BRDA:21,0,0,0
BRDA:38,1,0,0
BRDA:38,1,1,0
BRDA:40,2,0,0
BRDA:40,2,1,0
BRDA:50,3,0,0
BRDA:50,3,1,0
BRDA:71,4,0,0
BRDA:71,4,1,0
BRDA:79,5,0,0
BRDA:79,5,1,0
BRDA:100,6,0,0
BRDA:100,6,1,0
BRDA:100,7,0,0
BRDA:100,7,1,0
BRDA:107,8,0,0
BRDA:107,8,1,0
BRF:17
BRH:0
end_of_record
TN:
SF:hooks\use-mobile.ts
FN:5,useIsMobile
FN:8,(anonymous_5)
FN:10,(anonymous_6)
FN:15,(anonymous_7)
FNF:4
FNH:0
FNDA:0,useIsMobile
FNDA:0,(anonymous_5)
FNDA:0,(anonymous_6)
FNDA:0,(anonymous_7)
DA:1,0
DA:3,0
DA:5,0
DA:6,0
DA:8,0
DA:9,0
DA:10,0
DA:11,0
DA:13,0
DA:14,0
DA:15,0
DA:18,0
LF:12
LH:0
BRF:0
BRH:0
end_of_record
TN:
SF:hooks\use-recommendations.ts
FN:19,useRecommendations
FN:25,(anonymous_2)
FN:37,(anonymous_3)
FN:41,(anonymous_4)
FN:42,(anonymous_5)
FN:42,(anonymous_6)
FN:45,(anonymous_7)
FN:47,(anonymous_8)
FN:51,(anonymous_9)
FN:53,(anonymous_10)
FN:55,(anonymous_11)
FN:57,(anonymous_12)
FNF:12
FNH:12
FNDA:59,useRecommendations
FNDA:30,(anonymous_2)
FNDA:44,(anonymous_3)
FNDA:21,(anonymous_4)
FNDA:21,(anonymous_5)
FNDA:6,(anonymous_6)
FNDA:5,(anonymous_7)
FNDA:8,(anonymous_8)
FNDA:6,(anonymous_9)
FNDA:4,(anonymous_10)
FNDA:3,(anonymous_11)
FNDA:3,(anonymous_12)
DA:3,1
DA:19,59
DA:20,59
DA:21,59
DA:22,59
DA:25,59
DA:26,30
DA:27,30
DA:28,2
DA:29,2
DA:31,1
DA:37,59
DA:38,44
DA:41,59
DA:42,21
DA:45,59
DA:47,59
DA:48,8
DA:49,8
DA:51,6
DA:53,4
DA:55,3
DA:57,3
DA:60,1
DA:64,59
LF:25
LH:25
BRDA:27,0,0,2
BRDA:27,0,1,28
BRDA:42,1,0,5
BRDA:42,1,1,16
BRDA:49,2,0,4
BRDA:49,2,1,1
BRDA:49,2,2,1
BRDA:49,2,3,1
BRDA:49,2,4,1
BRDA:49,2,5,1
BRF:10
BRH:10
end_of_record
TN:
SF:hooks\use-toast.ts
FN:27,genId
FN:58,(anonymous_8)
FN:63,(anonymous_9)
FN:74,(anonymous_10)
FN:85,(anonymous_11)
FN:98,(anonymous_12)
FN:105,(anonymous_13)
FN:124,(anonymous_14)
FN:133,dispatch
FN:135,(anonymous_16)
FN:142,toast
FN:145,(anonymous_18)
FN:150,(anonymous_19)
FN:158,(anonymous_20)
FN:171,useToast
FN:174,(anonymous_22)
FN:176,(anonymous_23)
FN:187,(anonymous_24)
FNF:18
FNH:0
FNDA:0,genId
FNDA:0,(anonymous_8)
FNDA:0,(anonymous_9)
FNDA:0,(anonymous_10)
FNDA:0,(anonymous_11)
FNDA:0,(anonymous_12)
FNDA:0,(anonymous_13)
FNDA:0,(anonymous_14)
FNDA:0,dispatch
FNDA:0,(anonymous_16)
FNDA:0,toast
FNDA:0,(anonymous_18)
FNDA:0,(anonymous_19)
FNDA:0,(anonymous_20)
FNDA:0,useToast
FNDA:0,(anonymous_22)
FNDA:0,(anonymous_23)
FNDA:0,(anonymous_24)
DA:4,1
DA:8,1
DA:9,1
DA:18,1
DA:25,1
DA:28,0
DA:29,0
DA:56,1
DA:58,1
DA:59,0
DA:60,0
DA:63,0
DA:64,0
DA:65,0
DA:71,0
DA:74,1
DA:75,0
DA:77,0
DA:83,0
DA:86,0
DA:91,0
DA:95,0
DA:96,0
DA:98,0
DA:99,0
DA:103,0
DA:106,0
DA:116,0
DA:117,0
DA:122,0
DA:124,0
DA:129,1
DA:131,1
DA:134,0
DA:135,0
DA:136,0
DA:143,0
DA:145,0
DA:146,0
DA:150,0
DA:152,0
DA:159,0
DA:164,0
DA:172,0
DA:174,0
DA:175,0
DA:176,0
DA:177,0
DA:178,0
DA:179,0
DA:184,0
DA:187,0
DA:191,1
LF:53
LH:11
BRDA:59,0,0,0
BRDA:59,0,1,0
BRDA:75,1,0,0
BRDA:75,1,1,0
BRDA:75,1,2,0
BRDA:75,1,3,0
BRDA:86,2,0,0
BRDA:86,2,1,0
BRDA:95,3,0,0
BRDA:95,3,1,0
BRDA:106,4,0,0
BRDA:106,4,1,0
BRDA:106,5,0,0
BRDA:106,5,1,0
BRDA:116,6,0,0
BRDA:116,6,1,0
BRDA:159,7,0,0
BRDA:159,7,1,0
BRDA:178,8,0,0
BRDA:178,8,1,0
BRF:20
BRH:0
end_of_record
