TN:
SF:components\google-sign-in-button.tsx
FN:7,GoogleSignInButton
FN:11,(anonymous_2)
FNF:2
FNH:2
FNDA:57,GoogleSignInButton
FNDA:13,(anonymous_2)
DA:3,1
DA:4,1
DA:5,1
DA:7,19
DA:8,57
DA:9,57
DA:11,57
DA:12,13
DA:13,13
DA:14,13
DA:16,3
DA:18,13
LF:12
LH:12
BRDA:29,0,0,13
BRF:1
BRH:1
end_of_record
TN:
SF:contexts\auth-context.tsx
FN:19,(anonymous_3)
FN:20,(anonymous_4)
FN:24,(anonymous_5)
FN:32,AuthProvider
FN:38,(anonymous_7)
FN:40,(anonymous_8)
FN:49,(anonymous_9)
FN:55,(anonymous_10)
FN:58,(anonymous_11)
FN:73,(anonymous_12)
FNF:10
FNH:8
FNDA:0,(anonymous_3)
FNDA:0,(anonymous_4)
FNDA:91,(anonymous_5)
FNDA:66,AuthProvider
FNDA:36,(anonymous_7)
FNDA:36,(anonymous_8)
FNDA:3,(anonymous_9)
FNDA:36,(anonymous_10)
FNDA:19,(anonymous_11)
FNDA:2,(anonymous_12)
DA:3,2
DA:5,2
DA:6,2
DA:16,2
DA:24,91
DA:25,91
DA:26,91
DA:27,0
DA:29,91
DA:32,36
DA:33,66
DA:34,66
DA:35,66
DA:36,66
DA:38,66
DA:40,36
DA:41,36
DA:42,36
DA:43,36
DA:49,36
DA:50,3
DA:51,3
DA:52,3
DA:55,36
DA:58,66
DA:59,19
DA:60,19
DA:66,17
DA:68,4
DA:69,4
DA:73,66
DA:74,2
DA:75,2
DA:76,2
DA:77,1
DA:79,1
DA:80,1
DA:84,66
LF:38
LH:37
BRDA:26,0,0,0
BRDA:26,0,1,91
BRDA:42,1,0,36
BRDA:42,1,1,33
BRDA:51,2,0,3
BRDA:51,2,1,1
BRDA:66,3,0,2
BRDA:66,3,1,15
BRDA:76,4,0,1
BRDA:76,4,1,1
BRF:10
BRH:9
end_of_record
